#
# A fatal error has been detected by the Java Runtime Environment:
#
#  SIGSEGV (0xb) at pc=0x00007fff91ff80d9, pid=4747, tid=1811
#
# JRE version: Java(TM) SE Runtime Environment (8.0_20-b26) (build 1.8.0_20-b26)
# Java VM: Java HotSpot(TM) 64-Bit Server VM (25.20-b23 mixed mode bsd-amd64 compressed oops)
# Problematic frame:
# C  [CoreFoundation+0x270d9]  CFDataGetBytePtr+0x19
#
# Failed to write core dump. Core dumps have been disabled. To enable core dumping, try "ulimit -c unlimited" before starting Java again
#
# If you would like to submit a bug report, please visit:
#   http://bugreport.sun.com/bugreport/crash.jsp
# The crash happened outside the Java Virtual Machine in native code.
# See problematic frame for where to report the bug.
#

---------------  T H R E A D  ---------------

Current thread (0x00007f9cca010800):  JavaThread "JavaFX Application Thread" daemon [_thread_in_native, id=1811, stack(0x00007fff5ec69000,0x00007fff5f469000)]

siginfo: si_signo: 11 (SIGSEGV), si_code: 1 (SEGV_MAPERR), si_addr: 0x0000000000000000

Registers:
RAX=0x000000000000580b, RBX=0x0000000000000000, RCX=0x0000000000000000, RDX=0x00007f9cc9f18860
RSP=0x00007fff5f462c90, RBP=0x00007fff5f462ca0, RSI=0x000cad00000cad00, RDI=0x0000000000000000
R8 =0x00007fff5f462c20, R9 =0x0000000000000002, R10=0x0000000000000030, R11=0x0000000000000206
R12=0x000000000000580b, R13=0x00007f9ccc5e7060, R14=0x0000000000000000, R15=0x0000000000000000
RIP=0x00007fff91ff80d9, EFLAGS=0x0000000000010246, ERR=0x0000000000000004
  TRAPNO=0x000000000000000e

Top of Stack: (sp=0x00007fff5f462c90)
0x00007fff5f462c90:   0000000000000000 0000000000000000
0x00007fff5f462ca0:   00007fff5f462d30 00007fff98b72a8f
0x00007fff5f462cb0:   0000002800001200 0000040b00000000
0x00007fff5f462cc0:   0000728600000000 0000000100000000
0x00007fff5f462cd0:   0000000000000000 0000000800000000
0x00007fff5f462ce0:   0003a497cc5e7060 00007f9cce92f130
0x00007fff5f462cf0:   00007fff00000000 0000000000000000
0x00007fff5f462d00:   00001c23cc5e7060 00007f9cce92f130
0x00007fff5f462d10:   000000000003a497 00007fff7ee2eaa0
0x00007fff5f462d20:   00007f9ccc4228b0 0000000000001c23
0x00007fff5f462d30:   00007fff5f462d50 00007fff98b729d8
0x00007fff5f462d40:   0000000000000003 00007f9cce92f130
0x00007fff5f462d50:   00007fff5f462db0 00007fff954f63cb
0x00007fff5f462d60:   00007f9cce92f130 0000000000000000
0x00007fff5f462d70:   4057c00000000000 41dfffffffc00000
0x00007fff5f462d80:   4065a00000000000 0000000000000000
0x00007fff5f462d90:   00007f9ccc5e6380 00007fff9c2c50c0
0x00007fff5f462da0:   0000000000001c23 00007fff9c2c50c0
0x00007fff5f462db0:   00007fff5f462e80 00007fff954f5a89
0x00007fff5f462dc0:   0000000000000000 4089600000000000
0x00007fff5f462dd0:   41dfffffffc00000 4065a00000000000
0x00007fff5f462de0:   0000000000000000 408ec80000000000
0x00007fff5f462df0:   0000000000000000 0000000000000000
0x00007fff5f462e00:   4065a00000000000 41dfffffffc00000
0x00007fff5f462e10:   4089600000000000 0000000000000000
0x00007fff5f462e20:   4065a00000000000 41dfffffffc00000
0x00007fff5f462e30:   4065a00000000000 00007fff9c2cd40e
0x00007fff5f462e40:   00007fff7ee187c8 00007f9ccc5e6be0
0x00007fff5f462e50:   00007fff5f462e80 0000000000000010
0x00007fff5f462e60:   00007f9ccc5e6380 00007fff9c2c50c0
0x00007fff5f462e70:   0000000000000000 0000000000000010
0x00007fff5f462e80:   00007fff5f462fa0 00007fff954f512c 

Instructions: (pc=0x00007fff91ff80d9)
0x00007fff91ff80b9:   5d c3 0f 1f 44 00 00 55 48 89 e5 41 56 53 48 89
0x00007fff91ff80c9:   fb 48 83 3d 96 4a 39 ec ff 75 7d f6 c3 01 75 58
0x00007fff91ff80d9:   48 8b 03 48 85 c0 74 40 48 8d 0d 80 44 39 ec 48
0x00007fff91ff80e9:   3b 01 74 34 48 8b 0d 7c 4a 39 ec 45 31 f6 48 81 

Register to memory mapping:

RAX=0x000000000000580b is an unknown value
RBX=0x0000000000000000 is an unknown value
RCX=0x0000000000000000 is an unknown value
RDX=0x00007f9cc9f18860 is an unknown value
RSP=0x00007fff5f462c90 is pointing into the stack for thread: 0x00007f9cca010800
RBP=0x00007fff5f462ca0 is pointing into the stack for thread: 0x00007f9cca010800
RSI=0x000cad00000cad00 is an unknown value
RDI=0x0000000000000000 is an unknown value
R8 =0x00007fff5f462c20 is pointing into the stack for thread: 0x00007f9cca010800
R9 =0x0000000000000002 is an unknown value
R10=0x0000000000000030 is an unknown value
R11=0x0000000000000206 is an unknown value
R12=0x000000000000580b is an unknown value
R13=0x00007f9ccc5e7060 is an unknown value
R14=0x0000000000000000 is an unknown value
R15=0x0000000000000000 is an unknown value


Stack: [0x00007fff5ec69000,0x00007fff5f469000],  sp=0x00007fff5f462c90,  free space=8167k
Native frames: (J=compiled Java code, j=interpreted, Vv=VM code, C=native code)
C  [CoreFoundation+0x270d9]  CFDataGetBytePtr+0x19
C  [CoreGraphics+0x58a8f]  CGSShapeWindow+0xb1
C  [CoreGraphics+0x589d8]  CGSSetWindowShapeWithWeighting+0x18
C  [AppKit+0xd43cb]  _NXPlaceWindow+0xa2
C  [AppKit+0xd3a89]  -[NSWindow _setFrame:updateBorderViewSize:]+0x380
C  [AppKit+0xd312c]  -[NSWindow _oldPlaceWindow:]+0x45e
C  [AppKit+0xd251d]  -[NSWindow _setFrameCommon:display:stashSize:]+0xa02
C  [AppKit+0x18f895]  -[NSWindow setFrame:display:animate:]+0x93
C  [libglass.dylib+0x23315]  -[GlassWindow(Java) _setFlipFrame:display:animate:]+0xa5
C  [libglass.dylib+0x22f04]  -[GlassWindow(Java) _setWindowFrameWithRect:withDisplay:withAnimate:]+0x84
C  [libglass.dylib+0x23130]  -[GlassWindow(Java) _setBounds:y:xSet:ySet:w:h:cw:ch:]+0x220
C  [libglass.dylib+0x268cd]  Java_com_sun_glass_ui_mac_MacWindow__1setBounds+0x1ad
j  com.sun.glass.ui.mac.MacWindow._setBounds(JIIZZIIIIFF)V+0
j  com.sun.glass.ui.Window.setBounds(IIZZIIIIFF)V+29
j  com.sun.javafx.tk.quantum.WindowStage.setBounds(FFZZFFFFFF)V+39
j  javafx.stage.Window$TKBoundsConfigurator.apply()V+110
j  javafx.stage.Window.applyBounds()V+4
j  javafx.stage.Window.adjustSize(Z)V+198
j  javafx.stage.Window.access$600(Ljavafx/stage/Window;Z)V+2
j  javafx.stage.Window$9.invalidated()V+281
J 1702 C1 javafx.beans.property.BooleanPropertyBase.set(Z)V (35 bytes) @ 0x000000010271a12c [0x0000000102719e00+0x32c]
j  javafx.stage.Window.setShowing(Z)V+11
j  javafx.stage.Window.show()V+2
j  javafx.stage.Stage.show()V+1
j  gui.DDGUI_SpielFeld$5.run()V+218
j  com.sun.javafx.application.PlatformImpl.lambda$null$164(Ljava/lang/Runnable;)Ljava/lang/Void;+1
j  com.sun.javafx.application.PlatformImpl$$Lambda$53.run()Ljava/lang/Object;+4
v  ~StubRoutines::call_stub
V  [libjvm.dylib+0x2d429e]  JavaCalls::call_helper(JavaValue*, methodHandle*, JavaCallArguments*, Thread*)+0x6ae
V  [libjvm.dylib+0x32ac98]  JVM_DoPrivileged+0x4b8
J 1538  java.security.AccessController.doPrivileged(Ljava/security/PrivilegedAction;Ljava/security/AccessControlContext;)Ljava/lang/Object; (0 bytes) @ 0x0000000102689b15 [0x0000000102689a40+0xd5]
j  com.sun.javafx.application.PlatformImpl.lambda$runLater$165(Ljava/lang/Runnable;Ljava/security/AccessControlContext;)V+7
j  com.sun.javafx.application.PlatformImpl$$Lambda$52.run()V+8
j  com.sun.glass.ui.InvokeLaterDispatcher$Future.run()V+4
v  ~StubRoutines::call_stub
V  [libjvm.dylib+0x2d429e]  JavaCalls::call_helper(JavaValue*, methodHandle*, JavaCallArguments*, Thread*)+0x6ae
V  [libjvm.dylib+0x309727]  jni_invoke_nonstatic(JNIEnv_*, JavaValue*, _jobject*, JNICallType, _jmethodID*, JNI_ArgumentPusher*, Thread*)+0x305
V  [libjvm.dylib+0x2fc362]  jni_CallVoidMethod+0x16b
C  [libglass.dylib+0x5163]  -[GlassRunnable run]+0xa3
C  [Foundation+0x92d00]  __NSThreadPerformPerform+0x125
C  [CoreFoundation+0x80a01]  __CFRUNLOOP_IS_CALLING_OUT_TO_A_SOURCE0_PERFORM_FUNCTION__+0x11
C  [CoreFoundation+0x72b8d]  __CFRunLoopDoSources0+0x10d
C  [CoreFoundation+0x721bf]  __CFRunLoopRun+0x39f
C  [CoreFoundation+0x71bd8]  CFRunLoopRunSpecific+0x128
C  [HIToolbox+0x3256f]  RunCurrentEventLoopInMode+0xeb
C  [HIToolbox+0x322ea]  ReceiveNextEventCommon+0x1af
C  [HIToolbox+0x3212b]  _BlockUntilNextEventMatchingListInModeWithFilter+0x47
C  [AppKit+0x918ab]  _DPSNextEvent+0x3d2
C  [AppKit+0x90e58]  -[NSApplication nextEventMatchingMask:untilDate:inMode:dequeue:]+0x15a
C  [libosxapp.dylib+0x242a]  -[NSApplicationAWT nextEventMatchingMask:untilDate:inMode:dequeue:]+0x7c
C  [AppKit+0x86af3]  -[NSApplication run]+0x252
C  [libosxapp.dylib+0x223e]  +[NSApplicationAWT runAWTLoopWithApp:]+0x9c
C  [libawt_lwawt.dylib+0x4494f]  -[AWTStarter starter:]+0x389
C  [Foundation+0x92d00]  __NSThreadPerformPerform+0x125
C  [CoreFoundation+0x80a01]  __CFRUNLOOP_IS_CALLING_OUT_TO_A_SOURCE0_PERFORM_FUNCTION__+0x11
C  [CoreFoundation+0x72b8d]  __CFRunLoopDoSources0+0x10d
C  [CoreFoundation+0x721bf]  __CFRunLoopRun+0x39f
C  [CoreFoundation+0x71bd8]  CFRunLoopRunSpecific+0x128
C  [java+0x56cc]  CreateExecutionEnvironment+0x367
C  [java+0x165c]  JLI_Launch+0x7a0
C  [java+0x768a]  main+0x65
C  [java+0xeb4]  start+0x34
C  0x0000000000000005

Java frames: (J=compiled Java code, j=interpreted, Vv=VM code)
j  com.sun.glass.ui.mac.MacWindow._setBounds(JIIZZIIIIFF)V+0
j  com.sun.glass.ui.Window.setBounds(IIZZIIIIFF)V+29
j  com.sun.javafx.tk.quantum.WindowStage.setBounds(FFZZFFFFFF)V+39
j  javafx.stage.Window$TKBoundsConfigurator.apply()V+110
j  javafx.stage.Window.applyBounds()V+4
j  javafx.stage.Window.adjustSize(Z)V+198
j  javafx.stage.Window.access$600(Ljavafx/stage/Window;Z)V+2
j  javafx.stage.Window$9.invalidated()V+281
J 1702 C1 javafx.beans.property.BooleanPropertyBase.set(Z)V (35 bytes) @ 0x000000010271a12c [0x0000000102719e00+0x32c]
j  javafx.stage.Window.setShowing(Z)V+11
j  javafx.stage.Window.show()V+2
j  javafx.stage.Stage.show()V+1
j  gui.DDGUI_SpielFeld$5.run()V+218
j  com.sun.javafx.application.PlatformImpl.lambda$null$164(Ljava/lang/Runnable;)Ljava/lang/Void;+1
j  com.sun.javafx.application.PlatformImpl$$Lambda$53.run()Ljava/lang/Object;+4
v  ~StubRoutines::call_stub
J 1538  java.security.AccessController.doPrivileged(Ljava/security/PrivilegedAction;Ljava/security/AccessControlContext;)Ljava/lang/Object; (0 bytes) @ 0x0000000102689aa3 [0x0000000102689a40+0x63]
j  com.sun.javafx.application.PlatformImpl.lambda$runLater$165(Ljava/lang/Runnable;Ljava/security/AccessControlContext;)V+7
j  com.sun.javafx.application.PlatformImpl$$Lambda$52.run()V+8
j  com.sun.glass.ui.InvokeLaterDispatcher$Future.run()V+4
v  ~StubRoutines::call_stub

---------------  P R O C E S S  ---------------

Java Threads: ( => current thread )
  0x00007f9cca439800 JavaThread "Image Animator 0" daemon [_thread_blocked, id=70659, stack(0x000000012e074000,0x000000012e174000)]
  0x00007f9cca05d800 JavaThread "Image Animator 0" daemon [_thread_blocked, id=70223, stack(0x000000012df71000,0x000000012e071000)]
  0x00007f9ccb128800 JavaThread "Image Animator 3" daemon [_thread_blocked, id=37643, stack(0x000000012d78a000,0x000000012d88a000)]
  0x00007f9cca205800 JavaThread "Image Animator 0" daemon [_thread_blocked, id=69743, stack(0x000000012b63a000,0x000000012b73a000)]
  0x00007f9ccabe4800 JavaThread "TimerQueue" daemon [_thread_blocked, id=65083, stack(0x000000012607b000,0x000000012617b000)]
  0x00007f9cca2e0800 JavaThread "DestroyJavaVM" [_thread_blocked, id=3331, stack(0x00000001017b1000,0x00000001018b1000)]
  0x00007f9ccb1b6800 JavaThread "Prism Font Disposer" daemon [_thread_blocked, id=63283, stack(0x0000000122958000,0x0000000122a58000)]
  0x00007f9cca27e800 JavaThread "AWT-EventQueue-0" [_thread_in_native, id=59503, stack(0x0000000122657000,0x0000000122757000)]
  0x00007f9ccba1d800 JavaThread "Thread-2" daemon [_thread_in_native, id=62211, stack(0x00000001221c4000,0x0000000122244000)]
  0x00007f9ccba18800 JavaThread "Thread-1" daemon [_thread_blocked, id=58627, stack(0x00000001209db000,0x0000000120adb000)]
  0x00007f9cca206800 JavaThread "QuantumRenderer-0" daemon [_thread_blocked, id=57603, stack(0x000000012023e000,0x000000012033e000)]
  0x00007f9ccb909000 JavaThread "Image Animator 3" daemon [_thread_blocked, id=57095, stack(0x000000012000e000,0x000000012010e000)]
  0x00007f9cca194800 JavaThread "Java2D Disposer" daemon [_thread_blocked, id=51735, stack(0x000000011f5b8000,0x000000011f6b8000)]
  0x00007f9cca11c800 JavaThread "Java2D Queue Flusher" daemon [_thread_blocked, id=48919, stack(0x000000011ea60000,0x000000011eb60000)]
  0x00007f9cca844000 JavaThread "AWT-Shutdown" [_thread_blocked, id=28179, stack(0x000000011bb5b000,0x000000011bc5b000)]
=>0x00007f9cca010800 JavaThread "JavaFX Application Thread" daemon [_thread_in_native, id=1811, stack(0x00007fff5ec69000,0x00007fff5f469000)]
  0x00007f9cca024800 JavaThread "Service Thread" daemon [_thread_blocked, id=18179, stack(0x0000000119ecb000,0x0000000119fcb000)]
  0x00007f9cca023800 JavaThread "C1 CompilerThread2" daemon [_thread_blocked, id=17667, stack(0x0000000119dc8000,0x0000000119ec8000)]
  0x00007f9cca012000 JavaThread "C2 CompilerThread1" daemon [_thread_blocked, id=17155, stack(0x0000000119cc5000,0x0000000119dc5000)]
  0x00007f9ccb812800 JavaThread "C2 CompilerThread0" daemon [_thread_blocked, id=16643, stack(0x0000000119bc2000,0x0000000119cc2000)]
  0x00007f9cca814800 JavaThread "Signal Dispatcher" daemon [_thread_blocked, id=13331, stack(0x0000000119abf000,0x0000000119bbf000)]
  0x00007f9ccb054000 JavaThread "Finalizer" daemon [_thread_blocked, id=11011, stack(0x00000001180a7000,0x00000001181a7000)]
  0x00007f9cca00f000 JavaThread "Reference Handler" daemon [_thread_blocked, id=10499, stack(0x0000000117fa4000,0x00000001180a4000)]

Other Threads:
  0x00007f9ccb053000 VMThread [stack: 0x0000000117ea1000,0x0000000117fa1000] [id=9987]
  0x00007f9ccb035800 WatcherThread [stack: 0x0000000119fce000,0x000000011a0ce000] [id=18691]

VM state:not at safepoint (normal execution)

VM Mutex/Monitor currently owned by a thread: None

Heap:
 PSYoungGen      total 38400K, used 26002K [0x0000000795580000, 0x0000000798000000, 0x00000007c0000000)
  eden space 33280K, 78% used [0x0000000795580000,0x0000000796ee4b90,0x0000000797600000)
  from space 5120K, 0% used [0x0000000797b00000,0x0000000797b00000,0x0000000798000000)
  to   space 5120K, 0% used [0x0000000797600000,0x0000000797600000,0x0000000797b00000)
 ParOldGen       total 66560K, used 8580K [0x0000000740000000, 0x0000000744100000, 0x0000000795580000)
  object space 66560K, 12% used [0x0000000740000000,0x0000000740861368,0x0000000744100000)
 Metaspace       used 25948K, capacity 26782K, committed 27008K, reserved 1073152K
  class space    used 3529K, capacity 3682K, committed 3712K, reserved 1048576K

Card table byte_map: [0x00000001115c0000,0x00000001119c1000] byte_map_base: 0x000000010dbc0000

Marking Bits: (ParMarkBitMap*) 0x0000000101131330
 Begin Bits: [0x0000000112078000, 0x0000000114078000)
 End Bits:   [0x0000000114078000, 0x0000000116078000)

Polling page: 0x00000001018f5000

CodeCache: size=245760Kb used=9092Kb max_used=9092Kb free=236667Kb
 bounds [0x0000000102200000, 0x0000000102af0000, 0x0000000111200000]
 total_blobs=3833 nmethods=2995 adapters=750
 compilation: enabled

Compilation events (10 events):
Event: 15.238 Thread 0x00007f9cca023800 3172       3       javafx.scene.Parent::impl_getAllParentStylesheets (100 bytes)
Event: 15.238 Thread 0x00007f9cca023800 nmethod 3172 0x0000000102ae5990 code [0x0000000102ae5bc0, 0x0000000102ae6878]
Event: 15.238 Thread 0x00007f9cca023800 3175       1       javafx.scene.layout.Region::snappedBottomInset (5 bytes)
Event: 15.238 Thread 0x00007f9cca023800 nmethod 3175 0x0000000102ae6cd0 code [0x0000000102ae6e20, 0x0000000102ae6f30]
Event: 15.238 Thread 0x00007f9cca023800 3177       3       javafx.beans.binding.NumberExpressionBase::<init> (5 bytes)
Event: 15.238 Thread 0x00007f9cca023800 nmethod 3177 0x0000000102ae6f90 code [0x0000000102ae7100, 0x0000000102ae72b0]
Event: 15.238 Thread 0x00007f9cca023800 3176       3       com.sun.javafx.text.PrismTextLayout::getBounds (9 bytes)
Event: 15.239 Thread 0x00007f9cca023800 nmethod 3176 0x0000000102ae7390 code [0x0000000102ae7500, 0x0000000102ae7748]
Event: 15.239 Thread 0x00007f9cca023800 3178       1       com.sun.javafx.css.SelectorPartitioning$Partition::access$800 (5 bytes)
Event: 15.239 Thread 0x00007f9cca023800 nmethod 3178 0x0000000102ae7810 code [0x0000000102ae7960, 0x0000000102ae7a50]

GC Heap History (6 events):
Event: 3.232 GC heap before
{Heap before GC invocations=1 (full 0):
 PSYoungGen      total 38400K, used 33280K [0x0000000795580000, 0x0000000798000000, 0x00000007c0000000)
  eden space 33280K, 100% used [0x0000000795580000,0x0000000797600000,0x0000000797600000)
  from space 5120K, 0% used [0x0000000797b00000,0x0000000797b00000,0x0000000798000000)
  to   space 5120K, 0% used [0x0000000797600000,0x0000000797600000,0x0000000797b00000)
 ParOldGen       total 87552K, used 0K [0x0000000740000000, 0x0000000745580000, 0x0000000795580000)
  object space 87552K, 0% used [0x0000000740000000,0x0000000740000000,0x0000000745580000)
 Metaspace       used 16893K, capacity 17342K, committed 17664K, reserved 1064960K
  class space    used 2324K, capacity 2456K, committed 2560K, reserved 1048576K
Event: 3.252 GC heap after
Heap after GC invocations=1 (full 0):
 PSYoungGen      total 38400K, used 5089K [0x0000000795580000, 0x0000000798000000, 0x00000007c0000000)
  eden space 33280K, 0% used [0x0000000795580000,0x0000000795580000,0x0000000797600000)
  from space 5120K, 99% used [0x0000000797600000,0x0000000797af8740,0x0000000797b00000)
  to   space 5120K, 0% used [0x0000000797b00000,0x0000000797b00000,0x0000000798000000)
 ParOldGen       total 87552K, used 4264K [0x0000000740000000, 0x0000000745580000, 0x0000000795580000)
  object space 87552K, 4% used [0x0000000740000000,0x000000074042a020,0x0000000745580000)
 Metaspace       used 16893K, capacity 17342K, committed 17664K, reserved 1064960K
  class space    used 2324K, capacity 2456K, committed 2560K, reserved 1048576K
}
Event: 5.990 GC heap before
{Heap before GC invocations=2 (full 0):
 PSYoungGen      total 38400K, used 13925K [0x0000000795580000, 0x0000000798000000, 0x00000007c0000000)
  eden space 33280K, 26% used [0x0000000795580000,0x0000000795e21078,0x0000000797600000)
  from space 5120K, 99% used [0x0000000797600000,0x0000000797af8740,0x0000000797b00000)
  to   space 5120K, 0% used [0x0000000797b00000,0x0000000797b00000,0x0000000798000000)
 ParOldGen       total 87552K, used 4264K [0x0000000740000000, 0x0000000745580000, 0x0000000795580000)
  object space 87552K, 4% used [0x0000000740000000,0x000000074042a020,0x0000000745580000)
 Metaspace       used 20623K, capacity 21180K, committed 21296K, reserved 1067008K
  class space    used 2798K, capacity 2929K, committed 2944K, reserved 1048576K
Event: 6.003 GC heap after
Heap after GC invocations=2 (full 0):
 PSYoungGen      total 38400K, used 5107K [0x0000000795580000, 0x0000000798000000, 0x00000007c0000000)
  eden space 33280K, 0% used [0x0000000795580000,0x0000000795580000,0x0000000797600000)
  from space 5120K, 99% used [0x0000000797b00000,0x0000000797ffcfc0,0x0000000798000000)
  to   space 5120K, 0% used [0x0000000797600000,0x0000000797600000,0x0000000797b00000)
 ParOldGen       total 87552K, used 5710K [0x0000000740000000, 0x0000000745580000, 0x0000000795580000)
  object space 87552K, 6% used [0x0000000740000000,0x0000000740593920,0x0000000745580000)
 Metaspace       used 20623K, capacity 21180K, committed 21296K, reserved 1067008K
  class space    used 2798K, capacity 2929K, committed 2944K, reserved 1048576K
}
Event: 6.003 GC heap before
{Heap before GC invocations=3 (full 1):
 PSYoungGen      total 38400K, used 5107K [0x0000000795580000, 0x0000000798000000, 0x00000007c0000000)
  eden space 33280K, 0% used [0x0000000795580000,0x0000000795580000,0x0000000797600000)
  from space 5120K, 99% used [0x0000000797b00000,0x0000000797ffcfc0,0x0000000798000000)
  to   space 5120K, 0% used [0x0000000797600000,0x0000000797600000,0x0000000797b00000)
 ParOldGen       total 87552K, used 5710K [0x0000000740000000, 0x0000000745580000, 0x0000000795580000)
  object space 87552K, 6% used [0x0000000740000000,0x0000000740593920,0x0000000745580000)
 Metaspace       used 20623K, capacity 21180K, committed 21296K, reserved 1067008K
  class space    used 2798K, capacity 2929K, committed 2944K, reserved 1048576K
Event: 6.045 GC heap after
Heap after GC invocations=3 (full 1):
 PSYoungGen      total 38400K, used 0K [0x0000000795580000, 0x0000000798000000, 0x00000007c0000000)
  eden space 33280K, 0% used [0x0000000795580000,0x0000000795580000,0x0000000797600000)
  from space 5120K, 0% used [0x0000000797b00000,0x0000000797b00000,0x0000000798000000)
  to   space 5120K, 0% used [0x0000000797600000,0x0000000797600000,0x0000000797b00000)
 ParOldGen       total 66560K, used 8580K [0x0000000740000000, 0x0000000744100000, 0x0000000795580000)
  object space 66560K, 12% used [0x0000000740000000,0x0000000740861368,0x0000000744100000)
 Metaspace       used 20621K, capacity 21178K, committed 21296K, reserved 1067008K
  class space    used 2798K, capacity 2928K, committed 2944K, reserved 1048576K
}

Deoptimization events (10 events):
Event: 6.093 Thread 0x00007f9cca010800 Uncommon trap: reason=class_check action=maybe_recompile pc=0x0000000102510b10 method=java.util.HashMap.putVal(ILjava/lang/Object;Ljava/lang/Object;ZZ)Ljava/lang/Object; @ 253
Event: 6.093 Thread 0x00007f9cca010800 Uncommon trap: reason=class_check action=maybe_recompile pc=0x0000000102510b10 method=java.util.HashMap.putVal(ILjava/lang/Object;Ljava/lang/Object;ZZ)Ljava/lang/Object; @ 253
Event: 6.093 Thread 0x00007f9cca010800 Uncommon trap: reason=class_check action=maybe_recompile pc=0x0000000102510b10 method=java.util.HashMap.putVal(ILjava/lang/Object;Ljava/lang/Object;ZZ)Ljava/lang/Object; @ 253
Event: 6.093 Thread 0x00007f9cca010800 Uncommon trap: reason=class_check action=maybe_recompile pc=0x0000000102510b10 method=java.util.HashMap.putVal(ILjava/lang/Object;Ljava/lang/Object;ZZ)Ljava/lang/Object; @ 253
Event: 6.392 Thread 0x00007f9cca010800 Uncommon trap: reason=class_check action=maybe_recompile pc=0x0000000102542054 method=java.io.FilterInputStream.read()I @ 4
Event: 6.392 Thread 0x00007f9cca010800 Uncommon trap: reason=class_check action=maybe_recompile pc=0x0000000102542054 method=java.io.FilterInputStream.read()I @ 4
Event: 6.392 Thread 0x00007f9cca010800 Uncommon trap: reason=class_check action=maybe_recompile pc=0x0000000102542054 method=java.io.FilterInputStream.read()I @ 4
Event: 6.392 Thread 0x00007f9cca010800 Uncommon trap: reason=class_check action=maybe_recompile pc=0x0000000102542054 method=java.io.FilterInputStream.read()I @ 4
Event: 10.144 Thread 0x00007f9cca27e800 Uncommon trap: reason=bimorphic action=maybe_recompile pc=0x00000001027fa144 method=java.util.HashMap.putVal(ILjava/lang/Object;Ljava/lang/Object;ZZ)Ljava/lang/Object; @ 203
Event: 13.208 Thread 0x00007f9cca27e800 Uncommon trap: reason=unreached action=reinterpret pc=0x000000010258f0e8 method=java.util.HashMap.getNode(ILjava/lang/Object;)Ljava/util/HashMap$Node; @ 53

Internal exceptions (10 events):
Event: 13.198 Thread 0x00007f9cca27e800 Exception <a 'java/security/PrivilegedActionException'> (0x0000000796b5cec8) thrown at [/HUDSON3/workspace/8-2-build-macosx-x86_64/jdk8u20/1074/hotspot/src/share/vm/prims/jvm.cpp, line 1275]
Event: 13.204 Thread 0x00007f9cca27e800 Exception <a 'java/security/PrivilegedActionException'> (0x0000000796b6be70) thrown at [/HUDSON3/workspace/8-2-build-macosx-x86_64/jdk8u20/1074/hotspot/src/share/vm/prims/jvm.cpp, line 1275]
Event: 13.206 Thread 0x00007f9cca27e800 Exception <a 'java/security/PrivilegedActionException'> (0x0000000796b73f98) thrown at [/HUDSON3/workspace/8-2-build-macosx-x86_64/jdk8u20/1074/hotspot/src/share/vm/prims/jvm.cpp, line 1275]
Event: 13.209 Thread 0x00007f9cca27e800 Exception <a 'java/security/PrivilegedActionException'> (0x0000000796b7e760) thrown at [/HUDSON3/workspace/8-2-build-macosx-x86_64/jdk8u20/1074/hotspot/src/share/vm/prims/jvm.cpp, line 1275]
Event: 15.158 Thread 0x00007f9cca27e800 Exception <a 'java/security/PrivilegedActionException'> (0x0000000796d9ea08) thrown at [/HUDSON3/workspace/8-2-build-macosx-x86_64/jdk8u20/1074/hotspot/src/share/vm/prims/jvm.cpp, line 1275]
Event: 15.175 Thread 0x00007f9cca010800 Exception <a 'java/security/PrivilegedActionException'> (0x0000000796df2da8) thrown at [/HUDSON3/workspace/8-2-build-macosx-x86_64/jdk8u20/1074/hotspot/src/share/vm/prims/jvm.cpp, line 1275]
Event: 15.175 Thread 0x00007f9cca010800 Exception <a 'java/security/PrivilegedActionException'> (0x0000000796e09090) thrown at [/HUDSON3/workspace/8-2-build-macosx-x86_64/jdk8u20/1074/hotspot/src/share/vm/prims/jvm.cpp, line 1275]
Event: 15.178 Thread 0x00007f9cca010800 Exception <a 'java/security/PrivilegedActionException'> (0x0000000796e1f7a0) thrown at [/HUDSON3/workspace/8-2-build-macosx-x86_64/jdk8u20/1074/hotspot/src/share/vm/prims/jvm.cpp, line 1275]
Event: 15.204 Thread 0x00007f9cca010800 Exception <a 'java/io/FileNotFoundException'> (0x0000000796e617a8) thrown at [/HUDSON3/workspace/8-2-build-macosx-x86_64/jdk8u20/1074/hotspot/src/share/vm/prims/jni.cpp, line 716]
Event: 15.212 Thread 0x00007f9cca010800 Exception <a 'java/io/FileNotFoundException'> (0x0000000796e800f8) thrown at [/HUDSON3/workspace/8-2-build-macosx-x86_64/jdk8u20/1074/hotspot/src/share/vm/prims/jni.cpp, line 716]

Events (10 events):
Event: 15.195 loading class com/sun/javafx/tk/quantum/GlassViewEventHandler$MouseEventNotification
Event: 15.195 loading class com/sun/javafx/tk/quantum/GlassViewEventHandler$MouseEventNotification done
Event: 15.196 loading class com/sun/javafx/tk/quantum/GlassViewEventHandler$ViewEventNotification
Event: 15.196 loading class com/sun/javafx/tk/quantum/GlassViewEventHandler$ViewEventNotification done
Event: 15.196 loading class com/sun/javafx/tk/quantum/GestureRecognizers
Event: 15.196 loading class com/sun/javafx/tk/quantum/GestureRecognizers done
Event: 15.202 loading class com/sun/glass/ui/Window$UndecoratedMoveResizeHelper
Event: 15.202 loading class com/sun/glass/ui/Window$UndecoratedMoveResizeHelper done
Event: 15.204 loading class com/sun/glass/ui/Window$TrackingRectangle
Event: 15.204 loading class com/sun/glass/ui/Window$TrackingRectangle done


Dynamic libraries:
0x000000000d9bf000 	/System/Library/Frameworks/Cocoa.framework/Versions/A/Cocoa
0x000000000d9bf000 	/System/Library/Frameworks/Security.framework/Versions/A/Security
0x000000000d9bf000 	/System/Library/Frameworks/ApplicationServices.framework/Versions/A/ApplicationServices
0x000000000d9bf000 	/usr/lib/libz.1.dylib
0x000000000d9bf000 	/usr/lib/libSystem.B.dylib
0x000000000d9bf000 	/usr/lib/libobjc.A.dylib
0x000000000d9bf000 	/System/Library/Frameworks/CoreFoundation.framework/Versions/A/CoreFoundation
0x000000000d9bf000 	/System/Library/Frameworks/Foundation.framework/Versions/C/Foundation
0x000000000d9bf000 	/System/Library/Frameworks/AppKit.framework/Versions/C/AppKit
0x000000000d9bf000 	/System/Library/Frameworks/CoreData.framework/Versions/A/CoreData
0x000000000d9bf000 	/System/Library/PrivateFrameworks/RemoteViewServices.framework/Versions/A/RemoteViewServices
0x000000000d9bf000 	/System/Library/PrivateFrameworks/UIFoundation.framework/Versions/A/UIFoundation
0x000000000d9bf000 	/System/Library/Frameworks/IOSurface.framework/Versions/A/IOSurface
0x000000000d9bf000 	/System/Library/Frameworks/AudioToolbox.framework/Versions/A/AudioToolbox
0x000000000d9bf000 	/System/Library/Frameworks/AudioUnit.framework/Versions/A/AudioUnit
0x000000000d9bf000 	/System/Library/PrivateFrameworks/DataDetectorsCore.framework/Versions/A/DataDetectorsCore
0x000000000d9bf000 	/System/Library/PrivateFrameworks/DesktopServicesPriv.framework/Versions/A/DesktopServicesPriv
0x000000000d9bf000 	/System/Library/Frameworks/Carbon.framework/Versions/A/Frameworks/HIToolbox.framework/Versions/A/HIToolbox
0x000000000d9bf000 	/System/Library/Frameworks/QuartzCore.framework/Versions/A/QuartzCore
0x000000000d9bf000 	/System/Library/Frameworks/Carbon.framework/Versions/A/Frameworks/SpeechRecognition.framework/Versions/A/SpeechRecognition
0x000000000d9bf000 	/usr/lib/libauto.dylib
0x000000000d9bf000 	/usr/lib/libicucore.A.dylib
0x000000000d9bf000 	/usr/lib/libxml2.2.dylib
0x000000000d9bf000 	/System/Library/PrivateFrameworks/CoreUI.framework/Versions/A/CoreUI
0x000000000d9bf000 	/System/Library/Frameworks/CoreAudio.framework/Versions/A/CoreAudio
0x000000000d9bf000 	/System/Library/Frameworks/DiskArbitration.framework/Versions/A/DiskArbitration
0x000000000d9bf000 	/usr/lib/liblangid.dylib
0x000000000d9bf000 	/System/Library/PrivateFrameworks/MultitouchSupport.framework/Versions/A/MultitouchSupport
0x000000000d9bf000 	/System/Library/Frameworks/IOKit.framework/Versions/A/IOKit
0x000000000d9bf000 	/usr/lib/libDiagnosticMessagesClient.dylib
0x000000000d9bf000 	/System/Library/Frameworks/CoreServices.framework/Versions/A/CoreServices
0x000000000d9bf000 	/System/Library/PrivateFrameworks/PerformanceAnalysis.framework/Versions/A/PerformanceAnalysis
0x000000000d9bf000 	/System/Library/PrivateFrameworks/GenerationalStorage.framework/Versions/A/GenerationalStorage
0x000000000d9bf000 	/System/Library/Frameworks/OpenGL.framework/Versions/A/OpenGL
0x000000000d9bf000 	/System/Library/PrivateFrameworks/Sharing.framework/Versions/A/Sharing
0x000000000d9bf000 	/System/Library/Frameworks/CoreGraphics.framework/Versions/A/CoreGraphics
0x000000000d9bf000 	/System/Library/Frameworks/CoreText.framework/Versions/A/CoreText
0x000000000d9bf000 	/System/Library/Frameworks/ImageIO.framework/Versions/A/ImageIO
0x000000000d9bf000 	/usr/lib/libextension.dylib
0x000000000d9bf000 	/System/Library/PrivateFrameworks/Backup.framework/Versions/A/Backup
0x000000000d9bf000 	/usr/lib/libarchive.2.dylib
0x000000000d9bf000 	/System/Library/Frameworks/CFNetwork.framework/Versions/A/CFNetwork
0x000000000d9bf000 	/System/Library/Frameworks/SystemConfiguration.framework/Versions/A/SystemConfiguration
0x000000000d9bf000 	/usr/lib/libCRFSuite.dylib
0x000000000d9bf000 	/usr/lib/libc++.1.dylib
0x000000000d9bf000 	/usr/lib/libc++abi.dylib
0x000000000d9bf000 	/usr/lib/system/libcache.dylib
0x000000000d9bf000 	/usr/lib/system/libcommonCrypto.dylib
0x000000000d9bf000 	/usr/lib/system/libcompiler_rt.dylib
0x000000000d9bf000 	/usr/lib/system/libcopyfile.dylib
0x000000000d9bf000 	/usr/lib/system/libcorecrypto.dylib
0x000000000d9bf000 	/usr/lib/system/libdispatch.dylib
0x000000000d9bf000 	/usr/lib/system/libdyld.dylib
0x000000000d9bf000 	/usr/lib/system/libkeymgr.dylib
0x000000000d9bf000 	/usr/lib/system/liblaunch.dylib
0x000000000d9bf000 	/usr/lib/system/libmacho.dylib
0x000000000d9bf000 	/usr/lib/system/libquarantine.dylib
0x000000000d9bf000 	/usr/lib/system/libremovefile.dylib
0x000000000d9bf000 	/usr/lib/system/libsystem_asl.dylib
0x000000000d9bf000 	/usr/lib/system/libsystem_blocks.dylib
0x000000000d9bf000 	/usr/lib/system/libsystem_c.dylib
0x000000000d9bf000 	/usr/lib/system/libsystem_configuration.dylib
0x000000000d9bf000 	/usr/lib/system/libsystem_coreservices.dylib
0x000000000d9bf000 	/usr/lib/system/libsystem_coretls.dylib
0x000000000d9bf000 	/usr/lib/system/libsystem_dnssd.dylib
0x000000000d9bf000 	/usr/lib/system/libsystem_info.dylib
0x000000000d9bf000 	/usr/lib/system/libsystem_kernel.dylib
0x000000000d9bf000 	/usr/lib/system/libsystem_m.dylib
0x000000000d9bf000 	/usr/lib/system/libsystem_malloc.dylib
0x000000000d9bf000 	/usr/lib/system/libsystem_network.dylib
0x000000000d9bf000 	/usr/lib/system/libsystem_networkextension.dylib
0x000000000d9bf000 	/usr/lib/system/libsystem_notify.dylib
0x000000000d9bf000 	/usr/lib/system/libsystem_platform.dylib
0x000000000d9bf000 	/usr/lib/system/libsystem_pthread.dylib
0x000000000d9bf000 	/usr/lib/system/libsystem_sandbox.dylib
0x000000000d9bf000 	/usr/lib/system/libsystem_secinit.dylib
0x000000000d9bf000 	/usr/lib/system/libsystem_stats.dylib
0x000000000d9bf000 	/usr/lib/system/libsystem_trace.dylib
0x000000000d9bf000 	/usr/lib/system/libunc.dylib
0x000000000d9bf000 	/usr/lib/system/libunwind.dylib
0x000000000d9bf000 	/usr/lib/system/libxpc.dylib
0x000000000d9bf000 	/usr/lib/libbz2.1.0.dylib
0x000000000d9bf000 	/usr/lib/liblzma.5.dylib
0x000000000d9bf000 	/usr/lib/libbsm.0.dylib
0x000000000d9bf000 	/usr/lib/libsqlite3.dylib
0x000000000d9bf000 	/usr/lib/system/libkxld.dylib
0x000000000d9bf000 	/usr/lib/libxar.1.dylib
0x000000000d9bf000 	/usr/lib/libpam.2.dylib
0x000000000d9bf000 	/usr/lib/libOpenScriptingUtil.dylib
0x000000000d9bf000 	/System/Library/Frameworks/CoreServices.framework/Versions/A/Frameworks/FSEvents.framework/Versions/A/FSEvents
0x000000000d9bf000 	/System/Library/Frameworks/CoreServices.framework/Versions/A/Frameworks/CarbonCore.framework/Versions/A/CarbonCore
0x000000000d9bf000 	/System/Library/Frameworks/CoreServices.framework/Versions/A/Frameworks/Metadata.framework/Versions/A/Metadata
0x000000000d9bf000 	/System/Library/Frameworks/CoreServices.framework/Versions/A/Frameworks/OSServices.framework/Versions/A/OSServices
0x000000000d9bf000 	/System/Library/Frameworks/CoreServices.framework/Versions/A/Frameworks/SearchKit.framework/Versions/A/SearchKit
0x000000000d9bf000 	/System/Library/Frameworks/CoreServices.framework/Versions/A/Frameworks/AE.framework/Versions/A/AE
0x000000000d9bf000 	/System/Library/Frameworks/CoreServices.framework/Versions/A/Frameworks/LaunchServices.framework/Versions/A/LaunchServices
0x000000000d9bf000 	/System/Library/Frameworks/CoreServices.framework/Versions/A/Frameworks/DictionaryServices.framework/Versions/A/DictionaryServices
0x000000000d9bf000 	/System/Library/Frameworks/NetFS.framework/Versions/A/NetFS
0x000000000d9bf000 	/System/Library/PrivateFrameworks/NetAuth.framework/Versions/A/NetAuth
0x000000000d9bf000 	/System/Library/PrivateFrameworks/login.framework/Versions/A/Frameworks/loginsupport.framework/Versions/A/loginsupport
0x000000000d9bf000 	/System/Library/PrivateFrameworks/TCC.framework/Versions/A/TCC
0x000000000d9bf000 	/usr/lib/libmecabra.dylib
0x000000000d9bf000 	/System/Library/Frameworks/ApplicationServices.framework/Versions/A/Frameworks/ATS.framework/Versions/A/ATS
0x000000000d9bf000 	/System/Library/Frameworks/ApplicationServices.framework/Versions/A/Frameworks/ColorSync.framework/Versions/A/ColorSync
0x000000000d9bf000 	/System/Library/Frameworks/ApplicationServices.framework/Versions/A/Frameworks/HIServices.framework/Versions/A/HIServices
0x000000000d9bf000 	/System/Library/Frameworks/ApplicationServices.framework/Versions/A/Frameworks/LangAnalysis.framework/Versions/A/LangAnalysis
0x000000000d9bf000 	/System/Library/Frameworks/ApplicationServices.framework/Versions/A/Frameworks/PrintCore.framework/Versions/A/PrintCore
0x000000000d9bf000 	/System/Library/Frameworks/ApplicationServices.framework/Versions/A/Frameworks/QD.framework/Versions/A/QD
0x000000000d9bf000 	/System/Library/Frameworks/ApplicationServices.framework/Versions/A/Frameworks/SpeechSynthesis.framework/Versions/A/SpeechSynthesis
0x000000000d9bf000 	/System/Library/Frameworks/Accelerate.framework/Versions/A/Accelerate
0x000000000d9bf000 	/System/Library/Frameworks/Accelerate.framework/Versions/A/Frameworks/vImage.framework/Versions/A/vImage
0x000000000d9bf000 	/System/Library/Frameworks/Accelerate.framework/Versions/A/Frameworks/vecLib.framework/Versions/A/vecLib
0x000000000d9bf000 	/System/Library/Frameworks/Accelerate.framework/Versions/A/Frameworks/vecLib.framework/Versions/A/libvDSP.dylib
0x000000000d9bf000 	/System/Library/Frameworks/Accelerate.framework/Versions/A/Frameworks/vecLib.framework/Versions/A/libvMisc.dylib
0x000000000d9bf000 	/System/Library/Frameworks/Accelerate.framework/Versions/A/Frameworks/vecLib.framework/Versions/A/libLAPACK.dylib
0x000000000d9bf000 	/System/Library/Frameworks/Accelerate.framework/Versions/A/Frameworks/vecLib.framework/Versions/A/libBLAS.dylib
0x000000000d9bf000 	/System/Library/Frameworks/Accelerate.framework/Versions/A/Frameworks/vecLib.framework/Versions/A/libLinearAlgebra.dylib
0x000000000d9bf000 	/System/Library/Frameworks/ApplicationServices.framework/Versions/A/Frameworks/ATS.framework/Versions/A/Resources/libFontParser.dylib
0x000000000d9bf000 	/System/Library/Frameworks/ApplicationServices.framework/Versions/A/Frameworks/ATS.framework/Versions/A/Resources/libFontRegistry.dylib
0x000000000d9bf000 	/System/Library/PrivateFrameworks/AppleVPA.framework/Versions/A/AppleVPA
0x000000000d9bf000 	/System/Library/PrivateFrameworks/AppleJPEG.framework/Versions/A/AppleJPEG
0x000000000d9bf000 	/System/Library/Frameworks/ImageIO.framework/Versions/A/Resources/libJPEG.dylib
0x000000000d9bf000 	/System/Library/Frameworks/ImageIO.framework/Versions/A/Resources/libTIFF.dylib
0x000000000d9bf000 	/System/Library/Frameworks/ImageIO.framework/Versions/A/Resources/libPng.dylib
0x000000000d9bf000 	/System/Library/Frameworks/ImageIO.framework/Versions/A/Resources/libGIF.dylib
0x000000000d9bf000 	/System/Library/Frameworks/ImageIO.framework/Versions/A/Resources/libJP2.dylib
0x000000000d9bf000 	/System/Library/Frameworks/ImageIO.framework/Versions/A/Resources/libRadiance.dylib
0x000000000d9bf000 	/System/Library/Frameworks/CoreVideo.framework/Versions/A/CoreVideo
0x000000000d9bf000 	/System/Library/Frameworks/OpenGL.framework/Versions/A/Libraries/libGLU.dylib
0x000000000d9bf000 	/System/Library/Frameworks/OpenGL.framework/Versions/A/Libraries/libGFXShared.dylib
0x000000000d9bf000 	/System/Library/Frameworks/OpenGL.framework/Versions/A/Libraries/libGL.dylib
0x000000000d9bf000 	/System/Library/Frameworks/OpenGL.framework/Versions/A/Libraries/libGLImage.dylib
0x000000000d9bf000 	/System/Library/Frameworks/OpenGL.framework/Versions/A/Libraries/libCVMSPluginSupport.dylib
0x000000000d9bf000 	/System/Library/Frameworks/OpenGL.framework/Versions/A/Libraries/libCoreVMClient.dylib
0x000000000d9bf000 	/usr/lib/libcups.2.dylib
0x000000000d9bf000 	/System/Library/Frameworks/Kerberos.framework/Versions/A/Kerberos
0x000000000d9bf000 	/System/Library/Frameworks/GSS.framework/Versions/A/GSS
0x000000000d9bf000 	/usr/lib/libresolv.9.dylib
0x000000000d9bf000 	/usr/lib/libiconv.2.dylib
0x000000000d9bf000 	/System/Library/PrivateFrameworks/Heimdal.framework/Versions/A/Heimdal
0x000000000d9bf000 	/usr/lib/libheimdal-asn1.dylib
0x000000000d9bf000 	/System/Library/Frameworks/OpenDirectory.framework/Versions/A/OpenDirectory
0x000000000d9bf000 	/System/Library/PrivateFrameworks/CommonAuth.framework/Versions/A/CommonAuth
0x000000000d9bf000 	/System/Library/Frameworks/OpenDirectory.framework/Versions/A/Frameworks/CFOpenDirectory.framework/Versions/A/CFOpenDirectory
0x000000000d9bf000 	/System/Library/Frameworks/SecurityFoundation.framework/Versions/A/SecurityFoundation
0x000000000d9bf000 	/System/Library/PrivateFrameworks/LanguageModeling.framework/Versions/A/LanguageModeling
0x000000000d9bf000 	/usr/lib/libcmph.dylib
0x000000000d9bf000 	/System/Library/Frameworks/ServiceManagement.framework/Versions/A/ServiceManagement
0x000000000d9bf000 	/usr/lib/libxslt.1.dylib
0x000000000d9bf000 	/System/Library/Frameworks/Carbon.framework/Versions/A/Frameworks/Ink.framework/Versions/A/Ink
0x000000000d9bf000 	/System/Library/Frameworks/QuartzCore.framework/Versions/A/Frameworks/CoreImage.framework/Versions/A/CoreImage
0x000000000d9bf000 	/System/Library/PrivateFrameworks/CrashReporterSupport.framework/Versions/A/CrashReporterSupport
0x000000000d9bf000 	/System/Library/Frameworks/OpenCL.framework/Versions/A/OpenCL
0x000000000d9bf000 	/System/Library/PrivateFrameworks/FaceCore.framework/Versions/A/FaceCore
0x000000000d9bf000 	/System/Library/PrivateFrameworks/Ubiquity.framework/Versions/A/Ubiquity
0x000000000d9bf000 	/System/Library/PrivateFrameworks/IconServices.framework/Versions/A/IconServices
0x000000000d9bf000 	/System/Library/PrivateFrameworks/ChunkingLibrary.framework/Versions/A/ChunkingLibrary
0x000000000d9bf000 	/System/Library/PrivateFrameworks/Apple80211.framework/Versions/A/Apple80211
0x000000000d9bf000 	/System/Library/Frameworks/CoreWLAN.framework/Versions/A/CoreWLAN
0x000000000d9bf000 	/System/Library/Frameworks/IOBluetooth.framework/Versions/A/IOBluetooth
0x000000000d9bf000 	/System/Library/PrivateFrameworks/CoreWiFi.framework/Versions/A/CoreWiFi
0x000000000d9bf000 	/System/Library/Frameworks/CoreBluetooth.framework/Versions/A/CoreBluetooth
0x000000000d9bf000 	/System/Library/PrivateFrameworks/DebugSymbols.framework/Versions/A/DebugSymbols
0x000000000d9bf000 	/System/Library/PrivateFrameworks/CoreSymbolication.framework/Versions/A/CoreSymbolication
0x000000000d9bf000 	/System/Library/PrivateFrameworks/Symbolication.framework/Versions/A/Symbolication
0x000000000d9bf000 	/System/Library/PrivateFrameworks/SpeechRecognitionCore.framework/Versions/A/SpeechRecognitionCore
0x0000000100895000 	/Library/Java/JavaVirtualMachines/jdk1.8.0_20.jdk/Contents/Home/jre/lib/server/libjvm.dylib
0x000000000d9bf000 	/usr/lib/libstdc++.6.dylib
0x00000001018b3000 	/Library/Java/JavaVirtualMachines/jdk1.8.0_20.jdk/Contents/Home/jre/lib/libverify.dylib
0x00000001018c1000 	/Library/Java/JavaVirtualMachines/jdk1.8.0_20.jdk/Contents/Home/jre/lib/libjava.dylib
0x0000000101916000 	/Library/Java/JavaVirtualMachines/jdk1.8.0_20.jdk/Contents/Home/jre/lib/libzip.dylib
0x00000001181a9000 	/System/Library/Frameworks/JavaVM.framework/Frameworks/JavaRuntimeSupport.framework/JavaRuntimeSupport
0x00000001019eb000 	/System/Library/Frameworks/JavaVM.framework/Versions/A/Frameworks/JavaNativeFoundation.framework/Versions/A/JavaNativeFoundation
0x00000001181c1000 	/System/Library/Frameworks/JavaVM.framework/Versions/A/JavaVM
0x000000000d9bf000 	/System/Library/Frameworks/Carbon.framework/Versions/A/Carbon
0x00000001181ce000 	/System/Library/PrivateFrameworks/JavaLaunching.framework/Versions/A/JavaLaunching
0x000000000d9bf000 	/System/Library/Frameworks/Carbon.framework/Versions/A/Frameworks/CommonPanels.framework/Versions/A/CommonPanels
0x000000000d9bf000 	/System/Library/Frameworks/Carbon.framework/Versions/A/Frameworks/Help.framework/Versions/A/Help
0x000000000d9bf000 	/System/Library/Frameworks/Carbon.framework/Versions/A/Frameworks/ImageCapture.framework/Versions/A/ImageCapture
0x000000000d9bf000 	/System/Library/Frameworks/Carbon.framework/Versions/A/Frameworks/OpenScripting.framework/Versions/A/OpenScripting
0x000000000d9bf000 	/System/Library/Frameworks/Carbon.framework/Versions/A/Frameworks/Print.framework/Versions/A/Print
0x000000000d9bf000 	/System/Library/Frameworks/Carbon.framework/Versions/A/Frameworks/SecurityHI.framework/Versions/A/SecurityHI
0x000000011a195000 	/Library/Java/JavaVirtualMachines/jdk1.8.0_20.jdk/Contents/Home/jre/lib/libawt.dylib
0x000000011a244000 	/Library/Java/JavaVirtualMachines/jdk1.8.0_20.jdk/Contents/Home/jre/lib/./libmlib_image.dylib
0x000000011a310000 	/Library/Java/JavaVirtualMachines/jdk1.8.0_20.jdk/Contents/Home/jre/lib/libawt_lwawt.dylib
0x000000011a3c3000 	/Library/Java/JavaVirtualMachines/jdk1.8.0_20.jdk/Contents/Home/jre/lib/./libosxapp.dylib
0x000000000d9bf000 	/System/Library/Frameworks/ExceptionHandling.framework/Versions/A/ExceptionHandling
0x000000000d9bf000 	/System/Library/PrivateFrameworks/CoreServicesInternal.framework/Versions/A/CoreServicesInternal
0x000000000d9bf000 	/System/Library/PrivateFrameworks/CloudDocs.framework/Versions/A/CloudDocs
0x000000000d9bf000 	/System/Library/PrivateFrameworks/CoreDuet.framework/Versions/A/CoreDuet
0x000000000d9bf000 	/System/Library/Frameworks/CloudKit.framework/Versions/A/CloudKit
0x000000000d9bf000 	/System/Library/PrivateFrameworks/ProtocolBuffer.framework/Versions/A/ProtocolBuffer
0x000000000d9bf000 	/System/Library/PrivateFrameworks/CoreDuetDaemonProtocol.framework/Versions/A/CoreDuetDaemonProtocol
0x000000000d9bf000 	/System/Library/PrivateFrameworks/CoreDuetDebugLogging.framework/Versions/A/CoreDuetDebugLogging
0x000000000d9bf000 	/System/Library/PrivateFrameworks/MMCS.framework/Versions/A/MMCS
0x000000000d9bf000 	/System/Library/Frameworks/CoreLocation.framework/Versions/A/CoreLocation
0x000000000d9bf000 	/System/Library/PrivateFrameworks/ProtectedCloudStorage.framework/Versions/A/ProtectedCloudStorage
0x000000000d9bf000 	/System/Library/PrivateFrameworks/GeoServices.framework/Versions/A/GeoServices
0x000000011bb4b000 	/System/Library/Frameworks/CoreGraphics.framework/Versions/A/Resources/libCGCMS.A.dylib
0x000000011c92e000 	/System/Library/Frameworks/CoreGraphics.framework/Versions/A/Resources/libRIP.A.dylib
0x000000011cbb1000 	/System/Library/Frameworks/CoreGraphics.framework/Versions/A/Resources/libCGXType.A.dylib
0x000000000d9bf000 	/System/Library/Frameworks/OpenCL.framework/Versions/A/Libraries/libcldcpuengine.dylib
0x000000000d9bf000 	/System/Library/PrivateFrameworks/DiskImages.framework/Versions/A/DiskImages
0x000000000d9bf000 	/System/Library/Frameworks/DiscRecording.framework/Versions/A/DiscRecording
0x000000000d9bf000 	/usr/lib/libcsfde.dylib
0x000000000d9bf000 	/usr/lib/libcurl.4.dylib
0x000000000d9bf000 	/System/Library/PrivateFrameworks/MediaKit.framework/Versions/A/MediaKit
0x000000000d9bf000 	/usr/lib/libCoreStorage.dylib
0x000000000d9bf000 	/System/Library/PrivateFrameworks/EFILogin.framework/Versions/A/EFILogin
0x000000000d9bf000 	/usr/lib/libutil.dylib
0x000000000d9bf000 	/System/Library/PrivateFrameworks/FindMyDevice.framework/Versions/A/FindMyDevice
0x000000000d9bf000 	/System/Library/Frameworks/LDAP.framework/Versions/A/LDAP
0x000000000d9bf000 	/usr/lib/libsasl2.2.dylib
0x000000000d9bf000 	/System/Library/PrivateFrameworks/CoreDaemon.framework/Versions/B/CoreDaemon
0x000000000d9bf000 	/usr/lib/libcrypto.0.9.8.dylib
0x000000000d9bf000 	/System/Library/PrivateFrameworks/AppleSRP.framework/Versions/A/AppleSRP
0x000000000d9bf000 	/System/Library/PrivateFrameworks/TrustEvaluationAgent.framework/Versions/A/TrustEvaluationAgent
0x000000011d61f000 	cl_kernels
0x000000011d621000 	/System/Library/Frameworks/OpenCL.framework/Versions/A/Libraries/ImageFormats/unorm8_bgra.dylib
0x000000011d610000 	cl_kernels
0x000000000d9bf000 	/System/Library/PrivateFrameworks/FamilyControls.framework/Versions/A/FamilyControls
0x000000000d9bf000 	/System/Library/PrivateFrameworks/CommerceKit.framework/Versions/A/Frameworks/CommerceCore.framework/Versions/A/CommerceCore
0x000000000d9bf000 	/System/Library/PrivateFrameworks/SystemAdministration.framework/Versions/A/SystemAdministration
0x000000000d9bf000 	/System/Library/PrivateFrameworks/AppContainer.framework/Versions/A/AppContainer
0x000000000d9bf000 	/System/Library/PrivateFrameworks/SecCodeWrapper.framework/Versions/A/SecCodeWrapper
0x000000000d9bf000 	/System/Library/Frameworks/DirectoryService.framework/Versions/A/DirectoryService
0x000000000d9bf000 	/System/Library/PrivateFrameworks/LoginUIKit.framework/Versions/A/Frameworks/LoginUICore.framework/Versions/A/LoginUICore
0x000000000d9bf000 	/usr/lib/libodfde.dylib
0x000000011eb62000 	/System/Library/Frameworks/OpenGL.framework/Resources/GLEngine.bundle/GLEngine
0x000000000d9bf000 	/System/Library/Frameworks/OpenGL.framework/Versions/A/Libraries/libGLProgrammability.dylib
0x0000000000000000 	/System/Library/Extensions/AppleIntelHD5000GraphicsGLDriver.bundle/Contents/MacOS/AppleIntelHD5000GraphicsGLDriver
0x000000000d9bf000 	/System/Library/PrivateFrameworks/IOAccelerator.framework/Versions/A/IOAccelerator
0x000000000d9bf000 	/System/Library/PrivateFrameworks/GPUSupport.framework/Versions/A/Libraries/libGPUSupportMercury.dylib
0x000000011ed4d000 	/System/Library/Frameworks/OpenGL.framework/Resources//GLRendererFloat.bundle/GLRendererFloat
0x000000011ff9d000 	/Library/Java/JavaVirtualMachines/jdk1.8.0_20.jdk/Contents/Home/jre/lib/libfontmanager.dylib
0x0000000120003000 	/Library/Java/JavaVirtualMachines/jdk1.8.0_20.jdk/Contents/Home/jre/lib/libosxui.dylib
0x0000000120340000 	/Library/Java/JavaVirtualMachines/jdk1.8.0_20.jdk/Contents/Home/jre/lib/libprism_es2.dylib
0x000000012097a000 	/Library/Java/JavaVirtualMachines/jdk1.8.0_20.jdk/Contents/Home/jre/lib/libglass.dylib
0x0000000122446000 	/Library/Java/JavaVirtualMachines/jdk1.8.0_20.jdk/Contents/Home/jre/lib/libjavafx_font.dylib
0x0000000123e71000 	/Library/Java/JavaVirtualMachines/jdk1.8.0_20.jdk/Contents/Home/jre/lib/libprism_common.dylib
0x0000000124e39000 	/Library/Java/JavaVirtualMachines/jdk1.8.0_20.jdk/Contents/Home/jre/lib/libnet.dylib
0x0000000124ebb000 	/Library/Java/JavaVirtualMachines/jdk1.8.0_20.jdk/Contents/Home/jre/lib/libnio.dylib

VM Arguments:
jvm_args: -Dfile.encoding=UTF-8 
java_command: ptp.projekt.DeepDungeons
java_class_path (initial): /Users/rw/Documents/workspace/PTP-Projekt/src/resources/avalon-framework-4.1.3.jar:/Users/rw/Documents/workspace/PTP-Projekt/src/resources/MacMetrics.jar:/Users/rw/Documents/workspace/PTP-Projekt/src/resources/miglayout-4.0-swing.jar:/Users/rw/Documents/workspace/PTP-Projekt/build/classes
Launcher Type: SUN_STANDARD

Environment Variables:
PATH=/usr/bin:/bin:/usr/sbin:/sbin
LD_LIBRARY_PATH=/Library/Java/JavaVirtualMachines/jdk1.8.0_20.jdk/Contents/Home/jre/lib/amd64:/Library/Java/JavaVirtualMachines/jdk1.8.0_20.jdk/Contents/Home/jre/lib/i386:
SHELL=/bin/bash
DISPLAY=/private/tmp/com.apple.launchd.Ywfp2uKK7x/org.macosforge.xquartz:0
DYLD_LIBRARY_PATH=/Applications/NetBeans/NetBeans 8.0.2.app/Contents/Resources/NetBeans/webcommon/bin:

Signal Handlers:
SIGSEGV: [libjvm.dylib+0x578fd7], sa_mask[0]=11111111011111110111111111111111, sa_flags=SA_ONSTACK|SA_RESTART|SA_SIGINFO
SIGBUS: [libjvm.dylib+0x578fd7], sa_mask[0]=11111111011111110111111111111111, sa_flags=SA_RESTART|SA_SIGINFO
SIGFPE: [libjvm.dylib+0x45ab0c], sa_mask[0]=11111111011111110111111111111111, sa_flags=SA_RESTART|SA_SIGINFO
SIGPIPE: [libjvm.dylib+0x45ab0c], sa_mask[0]=11111111011111110111111111111111, sa_flags=SA_RESTART|SA_SIGINFO
SIGXFSZ: [libjvm.dylib+0x45ab0c], sa_mask[0]=11111111011111110111111111111111, sa_flags=SA_RESTART|SA_SIGINFO
SIGILL: [libjvm.dylib+0x45ab0c], sa_mask[0]=11111111011111110111111111111111, sa_flags=SA_RESTART|SA_SIGINFO
SIGUSR1: SIG_DFL, sa_mask[0]=00000000000000000000000000000000, sa_flags=none
SIGUSR2: [libjvm.dylib+0x45a62a], sa_mask[0]=00100000000000000000000000000000, sa_flags=SA_RESTART|SA_SIGINFO
SIGHUP: [libjvm.dylib+0x458bfd], sa_mask[0]=11111111011111110111111111111111, sa_flags=SA_RESTART|SA_SIGINFO
SIGINT: SIG_IGN, sa_mask[0]=00000000000000000000000000000000, sa_flags=none
SIGTERM: [libjvm.dylib+0x458bfd], sa_mask[0]=11111111011111110111111111111111, sa_flags=SA_RESTART|SA_SIGINFO
SIGQUIT: [libjvm.dylib+0x458bfd], sa_mask[0]=11111111011111110111111111111111, sa_flags=SA_RESTART|SA_SIGINFO


---------------  S Y S T E M  ---------------

OS:Bsduname:Darwin 14.4.0 Darwin Kernel Version 14.4.0: Thu May 28 11:35:04 PDT 2015; root:xnu-2782.30.5~1/RELEASE_X86_64 x86_64
rlimit: STACK 8192k, CORE 0k, NPROC 709, NOFILE 10240, AS infinity
load average:1.72 2.10 2.33

CPU:total 4 (2 cores per cpu, 2 threads per core) family 6 model 69 stepping 1, cmov, cx8, fxsr, mmx, sse, sse2, sse3, ssse3, sse4.1, sse4.2, popcnt, avx, avx2, aes, clmul, erms, lzcnt, ht, tsc, tscinvbit, bmi1, bmi2

Memory: 4k page, physical 8388608k(17120k free)

/proc/meminfo:


vm_info: Java HotSpot(TM) 64-Bit Server VM (25.20-b23) for bsd-amd64 JRE (1.8.0_20-b26), built on Jul 30 2014 13:37:47 by "java_re" with gcc 4.2.1 (Based on Apple Inc. build 5658) (LLVM build 2336.9.00)

time: Mon Jul  6 18:09:06 2015
elapsed time: 15 seconds (0d 0h 0m 15s)

