#
# A fatal error has been detected by the Java Runtime Environment:
#
#  SIGSEGV (0xb) at pc=0x00007fff91ff80d9, pid=4755, tid=1811
#
# JRE version: Java(TM) SE Runtime Environment (8.0_20-b26) (build 1.8.0_20-b26)
# Java VM: Java HotSpot(TM) 64-Bit Server VM (25.20-b23 mixed mode bsd-amd64 compressed oops)
# Problematic frame:
# C  [CoreFoundation+0x270d9]  CFDataGetBytePtr+0x19
#
# Failed to write core dump. Core dumps have been disabled. To enable core dumping, try "ulimit -c unlimited" before starting Java again
#
# If you would like to submit a bug report, please visit:
#   http://bugreport.sun.com/bugreport/crash.jsp
# The crash happened outside the Java Virtual Machine in native code.
# See problematic frame for where to report the bug.
#

---------------  T H R E A D  ---------------

Current thread (0x00007f9dbb88a000):  JavaThread "JavaFX Application Thread" daemon [_thread_in_native, id=1811, stack(0x00007fff5aafd000,0x00007fff5b2fd000)]

siginfo: si_signo: 11 (SIGSEGV), si_code: 1 (SEGV_MAPERR), si_addr: 0x0000000000000000

Registers:
RAX=0x0000000000005c1b, RBX=0x0000000000000000, RCX=0x0000000000000000, RDX=0x00007f9db9f47560
RSP=0x00007fff5b2f6c90, RBP=0x00007fff5b2f6ca0, RSI=0x00094c0000094c00, RDI=0x0000000000000000
R8 =0x00007fff5b2f6c20, R9 =0x0000000000000002, R10=0x0000000000000030, R11=0x0000000000000206
R12=0x0000000000005c1b, R13=0x00007f9dbc72e860, R14=0x0000000000000000, R15=0x0000000000000000
RIP=0x00007fff91ff80d9, EFLAGS=0x0000000000010246, ERR=0x0000000000000004
  TRAPNO=0x000000000000000e

Top of Stack: (sp=0x00007fff5b2f6c90)
0x00007fff5b2f6c90:   0000000000000000 0000000000000000
0x00007fff5b2f6ca0:   00007fff5b2f6d30 00007fff98b72a8f
0x00007fff5b2f6cb0:   0000002800001200 0000040b00000000
0x00007fff5b2f6cc0:   0000728600000000 0000000100000000
0x00007fff5b2f6cd0:   0000000000000000 0000000800000000
0x00007fff5b2f6ce0:   00036a3bbc72e860 00007f9dbc737e80
0x00007fff5b2f6cf0:   00007fff00000000 0000000000000000
0x00007fff5b2f6d00:   00001c49bc72e860 00007f9dbc737e80
0x00007fff5b2f6d10:   0000000000036a3b 00007fff7ee2eaa0
0x00007fff5b2f6d20:   00007f9dbc7325a0 0000000000001c49
0x00007fff5b2f6d30:   00007fff5b2f6d50 00007fff98b729d8
0x00007fff5b2f6d40:   0000000000000003 00007f9dbc737e80
0x00007fff5b2f6d50:   00007fff5b2f6db0 00007fff954f63cb
0x00007fff5b2f6d60:   00007f9dbc737e80 0000000000000000
0x00007fff5b2f6d70:   4057400000000000 41dfffffffc00000
0x00007fff5b2f6d80:   4065a00000000000 0000000000000000
0x00007fff5b2f6d90:   00007f9dbc72a490 00007fff9c2c50c0
0x00007fff5b2f6da0:   0000000000001c49 00007fff9c2c50c0
0x00007fff5b2f6db0:   00007fff5b2f6e80 00007fff954f5a89
0x00007fff5b2f6dc0:   0000000000000000 4089700000000000
0x00007fff5b2f6dd0:   41dfffffffc00000 4065a00000000000
0x00007fff5b2f6de0:   0000000000000000 408ed80000000000
0x00007fff5b2f6df0:   0000000000000000 0000000000000000
0x00007fff5b2f6e00:   4065a00000000000 41dfffffffc00000
0x00007fff5b2f6e10:   4089700000000000 0000000000000000
0x00007fff5b2f6e20:   4065a00000000000 41dfffffffc00000
0x00007fff5b2f6e30:   4065a00000000000 00007fff9c2cd40e
0x00007fff5b2f6e40:   00007fff7ee187c8 00007f9dbc72e440
0x00007fff5b2f6e50:   00007fff5b2f6e80 0000000000000010
0x00007fff5b2f6e60:   00007f9dbc72a490 00007fff9c2c50c0
0x00007fff5b2f6e70:   0000000000000000 0000000000000010
0x00007fff5b2f6e80:   00007fff5b2f6fa0 00007fff954f512c 

Instructions: (pc=0x00007fff91ff80d9)
0x00007fff91ff80b9:   5d c3 0f 1f 44 00 00 55 48 89 e5 41 56 53 48 89
0x00007fff91ff80c9:   fb 48 83 3d 96 4a 39 ec ff 75 7d f6 c3 01 75 58
0x00007fff91ff80d9:   48 8b 03 48 85 c0 74 40 48 8d 0d 80 44 39 ec 48
0x00007fff91ff80e9:   3b 01 74 34 48 8b 0d 7c 4a 39 ec 45 31 f6 48 81 

Register to memory mapping:

RAX=0x0000000000005c1b is an unknown value
RBX=0x0000000000000000 is an unknown value
RCX=0x0000000000000000 is an unknown value
RDX=0x00007f9db9f47560 is an unknown value
RSP=0x00007fff5b2f6c90 is pointing into the stack for thread: 0x00007f9dbb88a000
RBP=0x00007fff5b2f6ca0 is pointing into the stack for thread: 0x00007f9dbb88a000
RSI=0x00094c0000094c00 is an unknown value
RDI=0x0000000000000000 is an unknown value
R8 =0x00007fff5b2f6c20 is pointing into the stack for thread: 0x00007f9dbb88a000
R9 =0x0000000000000002 is an unknown value
R10=0x0000000000000030 is an unknown value
R11=0x0000000000000206 is an unknown value
R12=0x0000000000005c1b is an unknown value
R13=0x00007f9dbc72e860 is an unknown value
R14=0x0000000000000000 is an unknown value
R15=0x0000000000000000 is an unknown value


Stack: [0x00007fff5aafd000,0x00007fff5b2fd000],  sp=0x00007fff5b2f6c90,  free space=8167k
Native frames: (J=compiled Java code, j=interpreted, Vv=VM code, C=native code)
C  [CoreFoundation+0x270d9]  CFDataGetBytePtr+0x19
C  [CoreGraphics+0x58a8f]  CGSShapeWindow+0xb1
C  [CoreGraphics+0x589d8]  CGSSetWindowShapeWithWeighting+0x18
C  [AppKit+0xd43cb]  _NXPlaceWindow+0xa2
C  [AppKit+0xd3a89]  -[NSWindow _setFrame:updateBorderViewSize:]+0x380
C  [AppKit+0xd312c]  -[NSWindow _oldPlaceWindow:]+0x45e
C  [AppKit+0xd251d]  -[NSWindow _setFrameCommon:display:stashSize:]+0xa02
C  [AppKit+0x18f895]  -[NSWindow setFrame:display:animate:]+0x93
C  [libglass.dylib+0x23315]  -[GlassWindow(Java) _setFlipFrame:display:animate:]+0xa5
C  [libglass.dylib+0x22f04]  -[GlassWindow(Java) _setWindowFrameWithRect:withDisplay:withAnimate:]+0x84
C  [libglass.dylib+0x23130]  -[GlassWindow(Java) _setBounds:y:xSet:ySet:w:h:cw:ch:]+0x220
C  [libglass.dylib+0x268cd]  Java_com_sun_glass_ui_mac_MacWindow__1setBounds+0x1ad
j  com.sun.glass.ui.mac.MacWindow._setBounds(JIIZZIIIIFF)V+0
j  com.sun.glass.ui.Window.setBounds(IIZZIIIIFF)V+29
j  com.sun.javafx.tk.quantum.WindowStage.setBounds(FFZZFFFFFF)V+39
j  javafx.stage.Window$TKBoundsConfigurator.apply()V+110
j  javafx.stage.Window.applyBounds()V+4
j  javafx.stage.Window.adjustSize(Z)V+198
j  javafx.stage.Window.access$600(Ljavafx/stage/Window;Z)V+2
j  javafx.stage.Window$9.invalidated()V+281
J 1711 C1 javafx.beans.property.BooleanPropertyBase.set(Z)V (35 bytes) @ 0x000000010683572c [0x0000000106835400+0x32c]
j  javafx.stage.Window.setShowing(Z)V+11
j  javafx.stage.Window.show()V+2
j  javafx.stage.Stage.show()V+1
j  gui.DDGUI_SpielFeld$5.run()V+218
j  com.sun.javafx.application.PlatformImpl.lambda$null$164(Ljava/lang/Runnable;)Ljava/lang/Void;+1
j  com.sun.javafx.application.PlatformImpl$$Lambda$53.run()Ljava/lang/Object;+4
v  ~StubRoutines::call_stub
V  [libjvm.dylib+0x2d429e]  JavaCalls::call_helper(JavaValue*, methodHandle*, JavaCallArguments*, Thread*)+0x6ae
V  [libjvm.dylib+0x32ac98]  JVM_DoPrivileged+0x4b8
J 1572  java.security.AccessController.doPrivileged(Ljava/security/PrivilegedAction;Ljava/security/AccessControlContext;)Ljava/lang/Object; (0 bytes) @ 0x00000001067c78d5 [0x00000001067c7800+0xd5]
j  com.sun.javafx.application.PlatformImpl.lambda$runLater$165(Ljava/lang/Runnable;Ljava/security/AccessControlContext;)V+7
j  com.sun.javafx.application.PlatformImpl$$Lambda$52.run()V+8
J 2199 C1 com.sun.glass.ui.InvokeLaterDispatcher$Future.run()V (91 bytes) @ 0x0000000106959d14 [0x0000000106959c00+0x114]
v  ~StubRoutines::call_stub
V  [libjvm.dylib+0x2d429e]  JavaCalls::call_helper(JavaValue*, methodHandle*, JavaCallArguments*, Thread*)+0x6ae
V  [libjvm.dylib+0x309727]  jni_invoke_nonstatic(JNIEnv_*, JavaValue*, _jobject*, JNICallType, _jmethodID*, JNI_ArgumentPusher*, Thread*)+0x305
V  [libjvm.dylib+0x2fc362]  jni_CallVoidMethod+0x16b
C  [libglass.dylib+0x5163]  -[GlassRunnable run]+0xa3
C  [Foundation+0x92d00]  __NSThreadPerformPerform+0x125
C  [CoreFoundation+0x80a01]  __CFRUNLOOP_IS_CALLING_OUT_TO_A_SOURCE0_PERFORM_FUNCTION__+0x11
C  [CoreFoundation+0x72b8d]  __CFRunLoopDoSources0+0x10d
C  [CoreFoundation+0x721bf]  __CFRunLoopRun+0x39f
C  [CoreFoundation+0x71bd8]  CFRunLoopRunSpecific+0x128
C  [HIToolbox+0x3256f]  RunCurrentEventLoopInMode+0xeb
C  [HIToolbox+0x322ea]  ReceiveNextEventCommon+0x1af
C  [HIToolbox+0x3212b]  _BlockUntilNextEventMatchingListInModeWithFilter+0x47
C  [AppKit+0x918ab]  _DPSNextEvent+0x3d2
C  [AppKit+0x90e58]  -[NSApplication nextEventMatchingMask:untilDate:inMode:dequeue:]+0x15a
C  [libosxapp.dylib+0x242a]  -[NSApplicationAWT nextEventMatchingMask:untilDate:inMode:dequeue:]+0x7c
C  [AppKit+0x86af3]  -[NSApplication run]+0x252
C  [libosxapp.dylib+0x223e]  +[NSApplicationAWT runAWTLoopWithApp:]+0x9c
C  [libawt_lwawt.dylib+0x4494f]  -[AWTStarter starter:]+0x389
C  [Foundation+0x92d00]  __NSThreadPerformPerform+0x125
C  [CoreFoundation+0x80a01]  __CFRUNLOOP_IS_CALLING_OUT_TO_A_SOURCE0_PERFORM_FUNCTION__+0x11
C  [CoreFoundation+0x72b8d]  __CFRunLoopDoSources0+0x10d
C  [CoreFoundation+0x721bf]  __CFRunLoopRun+0x39f
C  [CoreFoundation+0x71bd8]  CFRunLoopRunSpecific+0x128
C  [java+0x56cc]  CreateExecutionEnvironment+0x367
C  [java+0x165c]  JLI_Launch+0x7a0
C  [java+0x768a]  main+0x65
C  [java+0xeb4]  start+0x34
C  0x0000000000000005

Java frames: (J=compiled Java code, j=interpreted, Vv=VM code)
j  com.sun.glass.ui.mac.MacWindow._setBounds(JIIZZIIIIFF)V+0
j  com.sun.glass.ui.Window.setBounds(IIZZIIIIFF)V+29
j  com.sun.javafx.tk.quantum.WindowStage.setBounds(FFZZFFFFFF)V+39
j  javafx.stage.Window$TKBoundsConfigurator.apply()V+110
j  javafx.stage.Window.applyBounds()V+4
j  javafx.stage.Window.adjustSize(Z)V+198
j  javafx.stage.Window.access$600(Ljavafx/stage/Window;Z)V+2
j  javafx.stage.Window$9.invalidated()V+281
J 1711 C1 javafx.beans.property.BooleanPropertyBase.set(Z)V (35 bytes) @ 0x000000010683572c [0x0000000106835400+0x32c]
j  javafx.stage.Window.setShowing(Z)V+11
j  javafx.stage.Window.show()V+2
j  javafx.stage.Stage.show()V+1
j  gui.DDGUI_SpielFeld$5.run()V+218
j  com.sun.javafx.application.PlatformImpl.lambda$null$164(Ljava/lang/Runnable;)Ljava/lang/Void;+1
j  com.sun.javafx.application.PlatformImpl$$Lambda$53.run()Ljava/lang/Object;+4
v  ~StubRoutines::call_stub
J 1572  java.security.AccessController.doPrivileged(Ljava/security/PrivilegedAction;Ljava/security/AccessControlContext;)Ljava/lang/Object; (0 bytes) @ 0x00000001067c7863 [0x00000001067c7800+0x63]
j  com.sun.javafx.application.PlatformImpl.lambda$runLater$165(Ljava/lang/Runnable;Ljava/security/AccessControlContext;)V+7
j  com.sun.javafx.application.PlatformImpl$$Lambda$52.run()V+8
J 2199 C1 com.sun.glass.ui.InvokeLaterDispatcher$Future.run()V (91 bytes) @ 0x0000000106959d14 [0x0000000106959c00+0x114]
v  ~StubRoutines::call_stub

---------------  P R O C E S S  ---------------

Java Threads: ( => current thread )
  0x00007f9dbbb47000 JavaThread "Image Animator 0" daemon [_thread_blocked, id=69367, stack(0x00000001327d2000,0x00000001328d2000)]
  0x00007f9dba93c800 JavaThread "Image Animator 0" daemon [_thread_blocked, id=37643, stack(0x00000001326cf000,0x00000001327cf000)]
  0x00007f9dbbccd800 JavaThread "Image Animator 3" daemon [_thread_blocked, id=12039, stack(0x0000000131e86000,0x0000000131f86000)]
  0x00007f9dbbcb1800 JavaThread "Image Animator 0" daemon [_thread_blocked, id=69079, stack(0x000000012f46a000,0x000000012f56a000)]
  0x00007f9dbabb3800 JavaThread "TimerQueue" daemon [_thread_blocked, id=67059, stack(0x000000012a073000,0x000000012a173000)]
  0x00007f9dba005000 JavaThread "DestroyJavaVM" [_thread_blocked, id=4867, stack(0x0000000106201000,0x0000000106301000)]
  0x00007f9dba1bf000 JavaThread "Prism Font Disposer" daemon [_thread_blocked, id=63055, stack(0x00000001269db000,0x0000000126adb000)]
  0x00007f9dba9c6800 JavaThread "AWT-EventQueue-0" [_thread_in_native, id=62215, stack(0x00000001266da000,0x00000001267da000)]
  0x00007f9dba998000 JavaThread "Thread-2" daemon [_thread_in_native, id=61699, stack(0x0000000126247000,0x00000001262c7000)]
  0x00007f9dba988800 JavaThread "Thread-1" daemon [_thread_blocked, id=58371, stack(0x0000000124a5e000,0x0000000124b5e000)]
  0x00007f9dba1a1000 JavaThread "QuantumRenderer-0" daemon [_thread_blocked, id=57607, stack(0x00000001242c1000,0x00000001243c1000)]
  0x00007f9dbb98b800 JavaThread "Image Animator 3" daemon [_thread_blocked, id=56839, stack(0x0000000124137000,0x0000000124237000)]
  0x00007f9dba960800 JavaThread "Java2D Disposer" daemon [_thread_blocked, id=51479, stack(0x00000001236e1000,0x00000001237e1000)]
  0x00007f9dba0d0800 JavaThread "Java2D Queue Flusher" daemon [_thread_blocked, id=50183, stack(0x0000000122b49000,0x0000000122c49000)]
  0x00007f9dbb140000 JavaThread "AWT-Shutdown" [_thread_blocked, id=27923, stack(0x000000011fcc7000,0x000000011fdc7000)]
=>0x00007f9dbb88a000 JavaThread "JavaFX Application Thread" daemon [_thread_in_native, id=1811, stack(0x00007fff5aafd000,0x00007fff5b2fd000)]
  0x00007f9dbb82c800 JavaThread "Service Thread" daemon [_thread_blocked, id=18179, stack(0x000000011e03a000,0x000000011e13a000)]
  0x00007f9dba023000 JavaThread "C1 CompilerThread2" daemon [_thread_blocked, id=17667, stack(0x000000011df37000,0x000000011e037000)]
  0x00007f9dba826000 JavaThread "C2 CompilerThread1" daemon [_thread_blocked, id=17155, stack(0x000000011de34000,0x000000011df34000)]
  0x00007f9dba022000 JavaThread "C2 CompilerThread0" daemon [_thread_blocked, id=16643, stack(0x000000011dd31000,0x000000011de31000)]
  0x00007f9dba803000 JavaThread "Signal Dispatcher" daemon [_thread_blocked, id=12311, stack(0x000000011dc2e000,0x000000011dd2e000)]
  0x00007f9dba811800 JavaThread "Finalizer" daemon [_thread_blocked, id=11523, stack(0x000000011c205000,0x000000011c305000)]
  0x00007f9dba005800 JavaThread "Reference Handler" daemon [_thread_blocked, id=11011, stack(0x000000011c102000,0x000000011c202000)]

Other Threads:
  0x00007f9dbb84b800 VMThread [stack: 0x000000011bfff000,0x000000011c0ff000] [id=10499]
  0x00007f9dbb00d800 WatcherThread [stack: 0x000000011e13d000,0x000000011e23d000] [id=18691]

VM state:not at safepoint (normal execution)

VM Mutex/Monitor currently owned by a thread: None

Heap:
 PSYoungGen      total 38400K, used 26720K [0x0000000795580000, 0x0000000798000000, 0x00000007c0000000)
  eden space 33280K, 80% used [0x0000000795580000,0x0000000796f98288,0x0000000797600000)
  from space 5120K, 0% used [0x0000000797b00000,0x0000000797b00000,0x0000000798000000)
  to   space 5120K, 0% used [0x0000000797600000,0x0000000797600000,0x0000000797b00000)
 ParOldGen       total 69632K, used 8578K [0x0000000740000000, 0x0000000744400000, 0x0000000795580000)
  object space 69632K, 12% used [0x0000000740000000,0x0000000740860bc8,0x0000000744400000)
 Metaspace       used 25908K, capacity 26782K, committed 27008K, reserved 1073152K
  class space    used 3523K, capacity 3682K, committed 3712K, reserved 1048576K

Card table byte_map: [0x00000001156c3000,0x0000000115ac4000] byte_map_base: 0x0000000111cc3000

Marking Bits: (ParMarkBitMap*) 0x000000010529d330
 Begin Bits: [0x000000011617b000, 0x000000011817b000)
 End Bits:   [0x000000011817b000, 0x000000011a17b000)

Polling page: 0x0000000105975000

CodeCache: size=245760Kb used=9028Kb max_used=9028Kb free=236731Kb
 bounds [0x0000000106303000, 0x0000000106be3000, 0x0000000115303000]
 total_blobs=3771 nmethods=2933 adapters=750
 compilation: enabled

Compilation events (10 events):
Event: 16.585 Thread 0x00007f9dba023000 nmethod 3102% 0x0000000106bd3990 code [0x0000000106bd3b00, 0x0000000106bd3db0]
Event: 16.585 Thread 0x00007f9dba023000 3103       3       com.sun.javafx.iio.png.PNGImageLoader2::doSubFilter (35 bytes)
Event: 16.586 Thread 0x00007f9dba023000 nmethod 3103 0x0000000106bd3490 code [0x0000000106bd3600, 0x0000000106bd3850]
Event: 16.593 Thread 0x00007f9dba023000 3104       3       javafx.scene.shape.Shape::impl_markDirty (45 bytes)
Event: 16.593 Thread 0x00007f9dba023000 nmethod 3104 0x0000000106bd1f10 code [0x0000000106bd2120, 0x0000000106bd2fe8]
Event: 16.593 Thread 0x00007f9dba023000 3106       3       com.sun.javafx.css.StyleManager$Cache::getStyleMap (400 bytes)
Event: 16.598 Thread 0x00007f9dba023000 nmethod 3106 0x0000000106bd3f50 code [0x0000000106bd43c0, 0x0000000106bd71f8]
Event: 16.598 Thread 0x00007f9dba023000 3108       3       com.sun.javafx.font.LogicalFont::getSlotResource (133 bytes)
Event: 16.599 Thread 0x00007f9dba023000 nmethod 3108 0x0000000106bd9350 code [0x0000000106bd95e0, 0x0000000106bda4c8]
Event: 16.599 Thread 0x00007f9dba023000 3107       3       javafx.css.StyleableObjectProperty::<init> (11 bytes)

GC Heap History (6 events):
Event: 2.647 GC heap before
{Heap before GC invocations=1 (full 0):
 PSYoungGen      total 38400K, used 33280K [0x0000000795580000, 0x0000000798000000, 0x00000007c0000000)
  eden space 33280K, 100% used [0x0000000795580000,0x0000000797600000,0x0000000797600000)
  from space 5120K, 0% used [0x0000000797b00000,0x0000000797b00000,0x0000000798000000)
  to   space 5120K, 0% used [0x0000000797600000,0x0000000797600000,0x0000000797b00000)
 ParOldGen       total 87552K, used 0K [0x0000000740000000, 0x0000000745580000, 0x0000000795580000)
  object space 87552K, 0% used [0x0000000740000000,0x0000000740000000,0x0000000745580000)
 Metaspace       used 16930K, capacity 17410K, committed 17664K, reserved 1064960K
  class space    used 2321K, capacity 2456K, committed 2560K, reserved 1048576K
Event: 2.667 GC heap after
Heap after GC invocations=1 (full 0):
 PSYoungGen      total 38400K, used 5105K [0x0000000795580000, 0x0000000798000000, 0x00000007c0000000)
  eden space 33280K, 0% used [0x0000000795580000,0x0000000795580000,0x0000000797600000)
  from space 5120K, 99% used [0x0000000797600000,0x0000000797afc730,0x0000000797b00000)
  to   space 5120K, 0% used [0x0000000797b00000,0x0000000797b00000,0x0000000798000000)
 ParOldGen       total 87552K, used 4264K [0x0000000740000000, 0x0000000745580000, 0x0000000795580000)
  object space 87552K, 4% used [0x0000000740000000,0x000000074042a020,0x0000000745580000)
 Metaspace       used 16930K, capacity 17410K, committed 17664K, reserved 1064960K
  class space    used 2321K, capacity 2456K, committed 2560K, reserved 1048576K
}
Event: 5.281 GC heap before
{Heap before GC invocations=2 (full 0):
 PSYoungGen      total 38400K, used 13929K [0x0000000795580000, 0x0000000798000000, 0x00000007c0000000)
  eden space 33280K, 26% used [0x0000000795580000,0x0000000795e1ddc0,0x0000000797600000)
  from space 5120K, 99% used [0x0000000797600000,0x0000000797afc730,0x0000000797b00000)
  to   space 5120K, 0% used [0x0000000797b00000,0x0000000797b00000,0x0000000798000000)
 ParOldGen       total 87552K, used 4264K [0x0000000740000000, 0x0000000745580000, 0x0000000795580000)
  object space 87552K, 4% used [0x0000000740000000,0x000000074042a020,0x0000000745580000)
 Metaspace       used 20576K, capacity 21120K, committed 21296K, reserved 1067008K
  class space    used 2794K, capacity 2929K, committed 2944K, reserved 1048576K
Event: 5.301 GC heap after
Heap after GC invocations=2 (full 0):
 PSYoungGen      total 38400K, used 5107K [0x0000000795580000, 0x0000000798000000, 0x00000007c0000000)
  eden space 33280K, 0% used [0x0000000795580000,0x0000000795580000,0x0000000797600000)
  from space 5120K, 99% used [0x0000000797b00000,0x0000000797ffcfe0,0x0000000798000000)
  to   space 5120K, 0% used [0x0000000797600000,0x0000000797600000,0x0000000797b00000)
 ParOldGen       total 87552K, used 5690K [0x0000000740000000, 0x0000000745580000, 0x0000000795580000)
  object space 87552K, 6% used [0x0000000740000000,0x000000074058eb88,0x0000000745580000)
 Metaspace       used 20576K, capacity 21120K, committed 21296K, reserved 1067008K
  class space    used 2794K, capacity 2929K, committed 2944K, reserved 1048576K
}
Event: 5.301 GC heap before
{Heap before GC invocations=3 (full 1):
 PSYoungGen      total 38400K, used 5107K [0x0000000795580000, 0x0000000798000000, 0x00000007c0000000)
  eden space 33280K, 0% used [0x0000000795580000,0x0000000795580000,0x0000000797600000)
  from space 5120K, 99% used [0x0000000797b00000,0x0000000797ffcfe0,0x0000000798000000)
  to   space 5120K, 0% used [0x0000000797600000,0x0000000797600000,0x0000000797b00000)
 ParOldGen       total 87552K, used 5690K [0x0000000740000000, 0x0000000745580000, 0x0000000795580000)
  object space 87552K, 6% used [0x0000000740000000,0x000000074058eb88,0x0000000745580000)
 Metaspace       used 20576K, capacity 21120K, committed 21296K, reserved 1067008K
  class space    used 2794K, capacity 2929K, committed 2944K, reserved 1048576K
Event: 5.379 GC heap after
Heap after GC invocations=3 (full 1):
 PSYoungGen      total 38400K, used 0K [0x0000000795580000, 0x0000000798000000, 0x00000007c0000000)
  eden space 33280K, 0% used [0x0000000795580000,0x0000000795580000,0x0000000797600000)
  from space 5120K, 0% used [0x0000000797b00000,0x0000000797b00000,0x0000000798000000)
  to   space 5120K, 0% used [0x0000000797600000,0x0000000797600000,0x0000000797b00000)
 ParOldGen       total 69632K, used 8578K [0x0000000740000000, 0x0000000744400000, 0x0000000795580000)
  object space 69632K, 12% used [0x0000000740000000,0x0000000740860bc8,0x0000000744400000)
 Metaspace       used 20575K, capacity 21118K, committed 21296K, reserved 1067008K
  class space    used 2793K, capacity 2928K, committed 2944K, reserved 1048576K
}

Deoptimization events (10 events):
Event: 2.399 Thread 0x00007f9dbb88a000 Uncommon trap: reason=class_check action=maybe_recompile pc=0x000000010643149c method=java.lang.String.equals(Ljava/lang/Object;)Z @ 8
Event: 5.432 Thread 0x00007f9dbb88a000 Uncommon trap: reason=class_check action=maybe_recompile pc=0x0000000106626e8c method=java.util.HashMap.putVal(ILjava/lang/Object;Ljava/lang/Object;ZZ)Ljava/lang/Object; @ 253
Event: 5.432 Thread 0x00007f9dbb88a000 Uncommon trap: reason=class_check action=maybe_recompile pc=0x0000000106626e8c method=java.util.HashMap.putVal(ILjava/lang/Object;Ljava/lang/Object;ZZ)Ljava/lang/Object; @ 253
Event: 5.432 Thread 0x00007f9dbb88a000 Uncommon trap: reason=class_check action=maybe_recompile pc=0x0000000106626e8c method=java.util.HashMap.putVal(ILjava/lang/Object;Ljava/lang/Object;ZZ)Ljava/lang/Object; @ 253
Event: 5.432 Thread 0x00007f9dbb88a000 Uncommon trap: reason=class_check action=maybe_recompile pc=0x0000000106626e8c method=java.util.HashMap.putVal(ILjava/lang/Object;Ljava/lang/Object;ZZ)Ljava/lang/Object; @ 253
Event: 5.712 Thread 0x00007f9dbb88a000 Uncommon trap: reason=class_check action=maybe_recompile pc=0x0000000106667c14 method=java.io.FilterInputStream.read()I @ 4
Event: 5.712 Thread 0x00007f9dbb88a000 Uncommon trap: reason=class_check action=maybe_recompile pc=0x0000000106667c14 method=java.io.FilterInputStream.read()I @ 4
Event: 5.712 Thread 0x00007f9dbb88a000 Uncommon trap: reason=class_check action=maybe_recompile pc=0x0000000106667c14 method=java.io.FilterInputStream.read()I @ 4
Event: 5.712 Thread 0x00007f9dbb88a000 Uncommon trap: reason=class_check action=maybe_recompile pc=0x0000000106667c14 method=java.io.FilterInputStream.read()I @ 4
Event: 14.552 Thread 0x00007f9dba9c6800 Uncommon trap: reason=unreached action=reinterpret pc=0x00000001064308a8 method=java.util.HashMap.getNode(ILjava/lang/Object;)Ljava/util/HashMap$Node; @ 53

Internal exceptions (10 events):
Event: 14.540 Thread 0x00007f9dba9c6800 Exception <a 'java/security/PrivilegedActionException'> (0x0000000796bd7670) thrown at [/HUDSON3/workspace/8-2-build-macosx-x86_64/jdk8u20/1074/hotspot/src/share/vm/prims/jvm.cpp, line 1275]
Event: 14.544 Thread 0x00007f9dba9c6800 Exception <a 'java/security/PrivilegedActionException'> (0x0000000796be6688) thrown at [/HUDSON3/workspace/8-2-build-macosx-x86_64/jdk8u20/1074/hotspot/src/share/vm/prims/jvm.cpp, line 1275]
Event: 14.550 Thread 0x00007f9dba9c6800 Exception <a 'java/security/PrivilegedActionException'> (0x0000000796bee7b0) thrown at [/HUDSON3/workspace/8-2-build-macosx-x86_64/jdk8u20/1074/hotspot/src/share/vm/prims/jvm.cpp, line 1275]
Event: 14.553 Thread 0x00007f9dba9c6800 Exception <a 'java/security/PrivilegedActionException'> (0x0000000796bf8f78) thrown at [/HUDSON3/workspace/8-2-build-macosx-x86_64/jdk8u20/1074/hotspot/src/share/vm/prims/jvm.cpp, line 1275]
Event: 16.507 Thread 0x00007f9dba9c6800 Exception <a 'java/security/PrivilegedActionException'> (0x0000000796e307c8) thrown at [/HUDSON3/workspace/8-2-build-macosx-x86_64/jdk8u20/1074/hotspot/src/share/vm/prims/jvm.cpp, line 1275]
Event: 16.526 Thread 0x00007f9dbb88a000 Exception <a 'java/security/PrivilegedActionException'> (0x0000000796b2f168) thrown at [/HUDSON3/workspace/8-2-build-macosx-x86_64/jdk8u20/1074/hotspot/src/share/vm/prims/jvm.cpp, line 1275]
Event: 16.528 Thread 0x00007f9dbb88a000 Exception <a 'java/security/PrivilegedActionException'> (0x0000000796b45450) thrown at [/HUDSON3/workspace/8-2-build-macosx-x86_64/jdk8u20/1074/hotspot/src/share/vm/prims/jvm.cpp, line 1275]
Event: 16.532 Thread 0x00007f9dbb88a000 Exception <a 'java/security/PrivilegedActionException'> (0x0000000796e86488) thrown at [/HUDSON3/workspace/8-2-build-macosx-x86_64/jdk8u20/1074/hotspot/src/share/vm/prims/jvm.cpp, line 1275]
Event: 16.565 Thread 0x00007f9dbb88a000 Exception <a 'java/io/FileNotFoundException'> (0x0000000796ec8520) thrown at [/HUDSON3/workspace/8-2-build-macosx-x86_64/jdk8u20/1074/hotspot/src/share/vm/prims/jni.cpp, line 716]
Event: 16.573 Thread 0x00007f9dbb88a000 Exception <a 'java/io/FileNotFoundException'> (0x0000000796ee6378) thrown at [/HUDSON3/workspace/8-2-build-macosx-x86_64/jdk8u20/1074/hotspot/src/share/vm/prims/jni.cpp, line 716]

Events (10 events):
Event: 16.557 loading class com/sun/javafx/tk/quantum/GlassViewEventHandler$MouseEventNotification
Event: 16.557 loading class com/sun/javafx/tk/quantum/GlassViewEventHandler$MouseEventNotification done
Event: 16.557 loading class com/sun/javafx/tk/quantum/GlassViewEventHandler$ViewEventNotification
Event: 16.557 loading class com/sun/javafx/tk/quantum/GlassViewEventHandler$ViewEventNotification done
Event: 16.557 loading class com/sun/javafx/tk/quantum/GestureRecognizers
Event: 16.557 loading class com/sun/javafx/tk/quantum/GestureRecognizers done
Event: 16.563 loading class com/sun/glass/ui/Window$UndecoratedMoveResizeHelper
Event: 16.563 loading class com/sun/glass/ui/Window$UndecoratedMoveResizeHelper done
Event: 16.564 loading class com/sun/glass/ui/Window$TrackingRectangle
Event: 16.564 loading class com/sun/glass/ui/Window$TrackingRectangle done


Dynamic libraries:
0x000000000d9bf000 	/System/Library/Frameworks/Cocoa.framework/Versions/A/Cocoa
0x000000000d9bf000 	/System/Library/Frameworks/Security.framework/Versions/A/Security
0x000000000d9bf000 	/System/Library/Frameworks/ApplicationServices.framework/Versions/A/ApplicationServices
0x000000000d9bf000 	/usr/lib/libz.1.dylib
0x000000000d9bf000 	/usr/lib/libSystem.B.dylib
0x000000000d9bf000 	/usr/lib/libobjc.A.dylib
0x000000000d9bf000 	/System/Library/Frameworks/CoreFoundation.framework/Versions/A/CoreFoundation
0x000000000d9bf000 	/System/Library/Frameworks/Foundation.framework/Versions/C/Foundation
0x000000000d9bf000 	/System/Library/Frameworks/AppKit.framework/Versions/C/AppKit
0x000000000d9bf000 	/System/Library/Frameworks/CoreData.framework/Versions/A/CoreData
0x000000000d9bf000 	/System/Library/PrivateFrameworks/RemoteViewServices.framework/Versions/A/RemoteViewServices
0x000000000d9bf000 	/System/Library/PrivateFrameworks/UIFoundation.framework/Versions/A/UIFoundation
0x000000000d9bf000 	/System/Library/Frameworks/IOSurface.framework/Versions/A/IOSurface
0x000000000d9bf000 	/System/Library/Frameworks/AudioToolbox.framework/Versions/A/AudioToolbox
0x000000000d9bf000 	/System/Library/Frameworks/AudioUnit.framework/Versions/A/AudioUnit
0x000000000d9bf000 	/System/Library/PrivateFrameworks/DataDetectorsCore.framework/Versions/A/DataDetectorsCore
0x000000000d9bf000 	/System/Library/PrivateFrameworks/DesktopServicesPriv.framework/Versions/A/DesktopServicesPriv
0x000000000d9bf000 	/System/Library/Frameworks/Carbon.framework/Versions/A/Frameworks/HIToolbox.framework/Versions/A/HIToolbox
0x000000000d9bf000 	/System/Library/Frameworks/QuartzCore.framework/Versions/A/QuartzCore
0x000000000d9bf000 	/System/Library/Frameworks/Carbon.framework/Versions/A/Frameworks/SpeechRecognition.framework/Versions/A/SpeechRecognition
0x000000000d9bf000 	/usr/lib/libauto.dylib
0x000000000d9bf000 	/usr/lib/libicucore.A.dylib
0x000000000d9bf000 	/usr/lib/libxml2.2.dylib
0x000000000d9bf000 	/System/Library/PrivateFrameworks/CoreUI.framework/Versions/A/CoreUI
0x000000000d9bf000 	/System/Library/Frameworks/CoreAudio.framework/Versions/A/CoreAudio
0x000000000d9bf000 	/System/Library/Frameworks/DiskArbitration.framework/Versions/A/DiskArbitration
0x000000000d9bf000 	/usr/lib/liblangid.dylib
0x000000000d9bf000 	/System/Library/PrivateFrameworks/MultitouchSupport.framework/Versions/A/MultitouchSupport
0x000000000d9bf000 	/System/Library/Frameworks/IOKit.framework/Versions/A/IOKit
0x000000000d9bf000 	/usr/lib/libDiagnosticMessagesClient.dylib
0x000000000d9bf000 	/System/Library/Frameworks/CoreServices.framework/Versions/A/CoreServices
0x000000000d9bf000 	/System/Library/PrivateFrameworks/PerformanceAnalysis.framework/Versions/A/PerformanceAnalysis
0x000000000d9bf000 	/System/Library/PrivateFrameworks/GenerationalStorage.framework/Versions/A/GenerationalStorage
0x000000000d9bf000 	/System/Library/Frameworks/OpenGL.framework/Versions/A/OpenGL
0x000000000d9bf000 	/System/Library/PrivateFrameworks/Sharing.framework/Versions/A/Sharing
0x000000000d9bf000 	/System/Library/Frameworks/CoreGraphics.framework/Versions/A/CoreGraphics
0x000000000d9bf000 	/System/Library/Frameworks/CoreText.framework/Versions/A/CoreText
0x000000000d9bf000 	/System/Library/Frameworks/ImageIO.framework/Versions/A/ImageIO
0x000000000d9bf000 	/usr/lib/libextension.dylib
0x000000000d9bf000 	/System/Library/PrivateFrameworks/Backup.framework/Versions/A/Backup
0x000000000d9bf000 	/usr/lib/libarchive.2.dylib
0x000000000d9bf000 	/System/Library/Frameworks/CFNetwork.framework/Versions/A/CFNetwork
0x000000000d9bf000 	/System/Library/Frameworks/SystemConfiguration.framework/Versions/A/SystemConfiguration
0x000000000d9bf000 	/usr/lib/libCRFSuite.dylib
0x000000000d9bf000 	/usr/lib/libc++.1.dylib
0x000000000d9bf000 	/usr/lib/libc++abi.dylib
0x000000000d9bf000 	/usr/lib/system/libcache.dylib
0x000000000d9bf000 	/usr/lib/system/libcommonCrypto.dylib
0x000000000d9bf000 	/usr/lib/system/libcompiler_rt.dylib
0x000000000d9bf000 	/usr/lib/system/libcopyfile.dylib
0x000000000d9bf000 	/usr/lib/system/libcorecrypto.dylib
0x000000000d9bf000 	/usr/lib/system/libdispatch.dylib
0x000000000d9bf000 	/usr/lib/system/libdyld.dylib
0x000000000d9bf000 	/usr/lib/system/libkeymgr.dylib
0x000000000d9bf000 	/usr/lib/system/liblaunch.dylib
0x000000000d9bf000 	/usr/lib/system/libmacho.dylib
0x000000000d9bf000 	/usr/lib/system/libquarantine.dylib
0x000000000d9bf000 	/usr/lib/system/libremovefile.dylib
0x000000000d9bf000 	/usr/lib/system/libsystem_asl.dylib
0x000000000d9bf000 	/usr/lib/system/libsystem_blocks.dylib
0x000000000d9bf000 	/usr/lib/system/libsystem_c.dylib
0x000000000d9bf000 	/usr/lib/system/libsystem_configuration.dylib
0x000000000d9bf000 	/usr/lib/system/libsystem_coreservices.dylib
0x000000000d9bf000 	/usr/lib/system/libsystem_coretls.dylib
0x000000000d9bf000 	/usr/lib/system/libsystem_dnssd.dylib
0x000000000d9bf000 	/usr/lib/system/libsystem_info.dylib
0x000000000d9bf000 	/usr/lib/system/libsystem_kernel.dylib
0x000000000d9bf000 	/usr/lib/system/libsystem_m.dylib
0x000000000d9bf000 	/usr/lib/system/libsystem_malloc.dylib
0x000000000d9bf000 	/usr/lib/system/libsystem_network.dylib
0x000000000d9bf000 	/usr/lib/system/libsystem_networkextension.dylib
0x000000000d9bf000 	/usr/lib/system/libsystem_notify.dylib
0x000000000d9bf000 	/usr/lib/system/libsystem_platform.dylib
0x000000000d9bf000 	/usr/lib/system/libsystem_pthread.dylib
0x000000000d9bf000 	/usr/lib/system/libsystem_sandbox.dylib
0x000000000d9bf000 	/usr/lib/system/libsystem_secinit.dylib
0x000000000d9bf000 	/usr/lib/system/libsystem_stats.dylib
0x000000000d9bf000 	/usr/lib/system/libsystem_trace.dylib
0x000000000d9bf000 	/usr/lib/system/libunc.dylib
0x000000000d9bf000 	/usr/lib/system/libunwind.dylib
0x000000000d9bf000 	/usr/lib/system/libxpc.dylib
0x000000000d9bf000 	/usr/lib/libbz2.1.0.dylib
0x000000000d9bf000 	/usr/lib/liblzma.5.dylib
0x000000000d9bf000 	/usr/lib/libbsm.0.dylib
0x000000000d9bf000 	/usr/lib/libsqlite3.dylib
0x000000000d9bf000 	/usr/lib/system/libkxld.dylib
0x000000000d9bf000 	/usr/lib/libxar.1.dylib
0x000000000d9bf000 	/usr/lib/libpam.2.dylib
0x000000000d9bf000 	/usr/lib/libOpenScriptingUtil.dylib
0x000000000d9bf000 	/System/Library/Frameworks/CoreServices.framework/Versions/A/Frameworks/FSEvents.framework/Versions/A/FSEvents
0x000000000d9bf000 	/System/Library/Frameworks/CoreServices.framework/Versions/A/Frameworks/CarbonCore.framework/Versions/A/CarbonCore
0x000000000d9bf000 	/System/Library/Frameworks/CoreServices.framework/Versions/A/Frameworks/Metadata.framework/Versions/A/Metadata
0x000000000d9bf000 	/System/Library/Frameworks/CoreServices.framework/Versions/A/Frameworks/OSServices.framework/Versions/A/OSServices
0x000000000d9bf000 	/System/Library/Frameworks/CoreServices.framework/Versions/A/Frameworks/SearchKit.framework/Versions/A/SearchKit
0x000000000d9bf000 	/System/Library/Frameworks/CoreServices.framework/Versions/A/Frameworks/AE.framework/Versions/A/AE
0x000000000d9bf000 	/System/Library/Frameworks/CoreServices.framework/Versions/A/Frameworks/LaunchServices.framework/Versions/A/LaunchServices
0x000000000d9bf000 	/System/Library/Frameworks/CoreServices.framework/Versions/A/Frameworks/DictionaryServices.framework/Versions/A/DictionaryServices
0x000000000d9bf000 	/System/Library/Frameworks/NetFS.framework/Versions/A/NetFS
0x000000000d9bf000 	/System/Library/PrivateFrameworks/NetAuth.framework/Versions/A/NetAuth
0x000000000d9bf000 	/System/Library/PrivateFrameworks/login.framework/Versions/A/Frameworks/loginsupport.framework/Versions/A/loginsupport
0x000000000d9bf000 	/System/Library/PrivateFrameworks/TCC.framework/Versions/A/TCC
0x000000000d9bf000 	/usr/lib/libmecabra.dylib
0x000000000d9bf000 	/System/Library/Frameworks/ApplicationServices.framework/Versions/A/Frameworks/ATS.framework/Versions/A/ATS
0x000000000d9bf000 	/System/Library/Frameworks/ApplicationServices.framework/Versions/A/Frameworks/ColorSync.framework/Versions/A/ColorSync
0x000000000d9bf000 	/System/Library/Frameworks/ApplicationServices.framework/Versions/A/Frameworks/HIServices.framework/Versions/A/HIServices
0x000000000d9bf000 	/System/Library/Frameworks/ApplicationServices.framework/Versions/A/Frameworks/LangAnalysis.framework/Versions/A/LangAnalysis
0x000000000d9bf000 	/System/Library/Frameworks/ApplicationServices.framework/Versions/A/Frameworks/PrintCore.framework/Versions/A/PrintCore
0x000000000d9bf000 	/System/Library/Frameworks/ApplicationServices.framework/Versions/A/Frameworks/QD.framework/Versions/A/QD
0x000000000d9bf000 	/System/Library/Frameworks/ApplicationServices.framework/Versions/A/Frameworks/SpeechSynthesis.framework/Versions/A/SpeechSynthesis
0x000000000d9bf000 	/System/Library/Frameworks/Accelerate.framework/Versions/A/Accelerate
0x000000000d9bf000 	/System/Library/Frameworks/Accelerate.framework/Versions/A/Frameworks/vImage.framework/Versions/A/vImage
0x000000000d9bf000 	/System/Library/Frameworks/Accelerate.framework/Versions/A/Frameworks/vecLib.framework/Versions/A/vecLib
0x000000000d9bf000 	/System/Library/Frameworks/Accelerate.framework/Versions/A/Frameworks/vecLib.framework/Versions/A/libvDSP.dylib
0x000000000d9bf000 	/System/Library/Frameworks/Accelerate.framework/Versions/A/Frameworks/vecLib.framework/Versions/A/libvMisc.dylib
0x000000000d9bf000 	/System/Library/Frameworks/Accelerate.framework/Versions/A/Frameworks/vecLib.framework/Versions/A/libLAPACK.dylib
0x000000000d9bf000 	/System/Library/Frameworks/Accelerate.framework/Versions/A/Frameworks/vecLib.framework/Versions/A/libBLAS.dylib
0x000000000d9bf000 	/System/Library/Frameworks/Accelerate.framework/Versions/A/Frameworks/vecLib.framework/Versions/A/libLinearAlgebra.dylib
0x000000000d9bf000 	/System/Library/Frameworks/ApplicationServices.framework/Versions/A/Frameworks/ATS.framework/Versions/A/Resources/libFontParser.dylib
0x000000000d9bf000 	/System/Library/Frameworks/ApplicationServices.framework/Versions/A/Frameworks/ATS.framework/Versions/A/Resources/libFontRegistry.dylib
0x000000000d9bf000 	/System/Library/PrivateFrameworks/AppleVPA.framework/Versions/A/AppleVPA
0x000000000d9bf000 	/System/Library/PrivateFrameworks/AppleJPEG.framework/Versions/A/AppleJPEG
0x000000000d9bf000 	/System/Library/Frameworks/ImageIO.framework/Versions/A/Resources/libJPEG.dylib
0x000000000d9bf000 	/System/Library/Frameworks/ImageIO.framework/Versions/A/Resources/libTIFF.dylib
0x000000000d9bf000 	/System/Library/Frameworks/ImageIO.framework/Versions/A/Resources/libPng.dylib
0x000000000d9bf000 	/System/Library/Frameworks/ImageIO.framework/Versions/A/Resources/libGIF.dylib
0x000000000d9bf000 	/System/Library/Frameworks/ImageIO.framework/Versions/A/Resources/libJP2.dylib
0x000000000d9bf000 	/System/Library/Frameworks/ImageIO.framework/Versions/A/Resources/libRadiance.dylib
0x000000000d9bf000 	/System/Library/Frameworks/CoreVideo.framework/Versions/A/CoreVideo
0x000000000d9bf000 	/System/Library/Frameworks/OpenGL.framework/Versions/A/Libraries/libGLU.dylib
0x000000000d9bf000 	/System/Library/Frameworks/OpenGL.framework/Versions/A/Libraries/libGFXShared.dylib
0x000000000d9bf000 	/System/Library/Frameworks/OpenGL.framework/Versions/A/Libraries/libGL.dylib
0x000000000d9bf000 	/System/Library/Frameworks/OpenGL.framework/Versions/A/Libraries/libGLImage.dylib
0x000000000d9bf000 	/System/Library/Frameworks/OpenGL.framework/Versions/A/Libraries/libCVMSPluginSupport.dylib
0x000000000d9bf000 	/System/Library/Frameworks/OpenGL.framework/Versions/A/Libraries/libCoreVMClient.dylib
0x000000000d9bf000 	/usr/lib/libcups.2.dylib
0x000000000d9bf000 	/System/Library/Frameworks/Kerberos.framework/Versions/A/Kerberos
0x000000000d9bf000 	/System/Library/Frameworks/GSS.framework/Versions/A/GSS
0x000000000d9bf000 	/usr/lib/libresolv.9.dylib
0x000000000d9bf000 	/usr/lib/libiconv.2.dylib
0x000000000d9bf000 	/System/Library/PrivateFrameworks/Heimdal.framework/Versions/A/Heimdal
0x000000000d9bf000 	/usr/lib/libheimdal-asn1.dylib
0x000000000d9bf000 	/System/Library/Frameworks/OpenDirectory.framework/Versions/A/OpenDirectory
0x000000000d9bf000 	/System/Library/PrivateFrameworks/CommonAuth.framework/Versions/A/CommonAuth
0x000000000d9bf000 	/System/Library/Frameworks/OpenDirectory.framework/Versions/A/Frameworks/CFOpenDirectory.framework/Versions/A/CFOpenDirectory
0x000000000d9bf000 	/System/Library/Frameworks/SecurityFoundation.framework/Versions/A/SecurityFoundation
0x000000000d9bf000 	/System/Library/PrivateFrameworks/LanguageModeling.framework/Versions/A/LanguageModeling
0x000000000d9bf000 	/usr/lib/libcmph.dylib
0x000000000d9bf000 	/System/Library/Frameworks/ServiceManagement.framework/Versions/A/ServiceManagement
0x000000000d9bf000 	/usr/lib/libxslt.1.dylib
0x000000000d9bf000 	/System/Library/Frameworks/Carbon.framework/Versions/A/Frameworks/Ink.framework/Versions/A/Ink
0x000000000d9bf000 	/System/Library/Frameworks/QuartzCore.framework/Versions/A/Frameworks/CoreImage.framework/Versions/A/CoreImage
0x000000000d9bf000 	/System/Library/PrivateFrameworks/CrashReporterSupport.framework/Versions/A/CrashReporterSupport
0x000000000d9bf000 	/System/Library/Frameworks/OpenCL.framework/Versions/A/OpenCL
0x000000000d9bf000 	/System/Library/PrivateFrameworks/FaceCore.framework/Versions/A/FaceCore
0x000000000d9bf000 	/System/Library/PrivateFrameworks/Ubiquity.framework/Versions/A/Ubiquity
0x000000000d9bf000 	/System/Library/PrivateFrameworks/IconServices.framework/Versions/A/IconServices
0x000000000d9bf000 	/System/Library/PrivateFrameworks/ChunkingLibrary.framework/Versions/A/ChunkingLibrary
0x000000000d9bf000 	/System/Library/PrivateFrameworks/Apple80211.framework/Versions/A/Apple80211
0x000000000d9bf000 	/System/Library/Frameworks/CoreWLAN.framework/Versions/A/CoreWLAN
0x000000000d9bf000 	/System/Library/Frameworks/IOBluetooth.framework/Versions/A/IOBluetooth
0x000000000d9bf000 	/System/Library/PrivateFrameworks/CoreWiFi.framework/Versions/A/CoreWiFi
0x000000000d9bf000 	/System/Library/Frameworks/CoreBluetooth.framework/Versions/A/CoreBluetooth
0x000000000d9bf000 	/System/Library/PrivateFrameworks/DebugSymbols.framework/Versions/A/DebugSymbols
0x000000000d9bf000 	/System/Library/PrivateFrameworks/CoreSymbolication.framework/Versions/A/CoreSymbolication
0x000000000d9bf000 	/System/Library/PrivateFrameworks/Symbolication.framework/Versions/A/Symbolication
0x000000000d9bf000 	/System/Library/PrivateFrameworks/SpeechRecognitionCore.framework/Versions/A/SpeechRecognitionCore
0x0000000104a01000 	/Library/Java/JavaVirtualMachines/jdk1.8.0_20.jdk/Contents/Home/jre/lib/server/libjvm.dylib
0x000000000d9bf000 	/usr/lib/libstdc++.6.dylib
0x0000000105933000 	/Library/Java/JavaVirtualMachines/jdk1.8.0_20.jdk/Contents/Home/jre/lib/libverify.dylib
0x0000000105941000 	/Library/Java/JavaVirtualMachines/jdk1.8.0_20.jdk/Contents/Home/jre/lib/libjava.dylib
0x000000010597f000 	/Library/Java/JavaVirtualMachines/jdk1.8.0_20.jdk/Contents/Home/jre/lib/libzip.dylib
0x000000011c307000 	/System/Library/Frameworks/JavaVM.framework/Frameworks/JavaRuntimeSupport.framework/JavaRuntimeSupport
0x000000011c31f000 	/System/Library/Frameworks/JavaVM.framework/Versions/A/Frameworks/JavaNativeFoundation.framework/Versions/A/JavaNativeFoundation
0x000000011c334000 	/System/Library/Frameworks/JavaVM.framework/Versions/A/JavaVM
0x000000000d9bf000 	/System/Library/Frameworks/Carbon.framework/Versions/A/Carbon
0x000000011c341000 	/System/Library/PrivateFrameworks/JavaLaunching.framework/Versions/A/JavaLaunching
0x000000000d9bf000 	/System/Library/Frameworks/Carbon.framework/Versions/A/Frameworks/CommonPanels.framework/Versions/A/CommonPanels
0x000000000d9bf000 	/System/Library/Frameworks/Carbon.framework/Versions/A/Frameworks/Help.framework/Versions/A/Help
0x000000000d9bf000 	/System/Library/Frameworks/Carbon.framework/Versions/A/Frameworks/ImageCapture.framework/Versions/A/ImageCapture
0x000000000d9bf000 	/System/Library/Frameworks/Carbon.framework/Versions/A/Frameworks/OpenScripting.framework/Versions/A/OpenScripting
0x000000000d9bf000 	/System/Library/Frameworks/Carbon.framework/Versions/A/Frameworks/Print.framework/Versions/A/Print
0x000000000d9bf000 	/System/Library/Frameworks/Carbon.framework/Versions/A/Frameworks/SecurityHI.framework/Versions/A/SecurityHI
0x000000011e301000 	/Library/Java/JavaVirtualMachines/jdk1.8.0_20.jdk/Contents/Home/jre/lib/libawt.dylib
0x000000011e3b0000 	/Library/Java/JavaVirtualMachines/jdk1.8.0_20.jdk/Contents/Home/jre/lib/./libmlib_image.dylib
0x000000011e47c000 	/Library/Java/JavaVirtualMachines/jdk1.8.0_20.jdk/Contents/Home/jre/lib/libawt_lwawt.dylib
0x000000011e52f000 	/Library/Java/JavaVirtualMachines/jdk1.8.0_20.jdk/Contents/Home/jre/lib/./libosxapp.dylib
0x000000000d9bf000 	/System/Library/Frameworks/ExceptionHandling.framework/Versions/A/ExceptionHandling
0x000000000d9bf000 	/System/Library/PrivateFrameworks/CoreServicesInternal.framework/Versions/A/CoreServicesInternal
0x000000000d9bf000 	/System/Library/PrivateFrameworks/CloudDocs.framework/Versions/A/CloudDocs
0x000000000d9bf000 	/System/Library/PrivateFrameworks/CoreDuet.framework/Versions/A/CoreDuet
0x000000000d9bf000 	/System/Library/Frameworks/CloudKit.framework/Versions/A/CloudKit
0x000000000d9bf000 	/System/Library/PrivateFrameworks/ProtocolBuffer.framework/Versions/A/ProtocolBuffer
0x000000000d9bf000 	/System/Library/PrivateFrameworks/CoreDuetDaemonProtocol.framework/Versions/A/CoreDuetDaemonProtocol
0x000000000d9bf000 	/System/Library/PrivateFrameworks/CoreDuetDebugLogging.framework/Versions/A/CoreDuetDebugLogging
0x000000000d9bf000 	/System/Library/PrivateFrameworks/MMCS.framework/Versions/A/MMCS
0x000000000d9bf000 	/System/Library/Frameworks/CoreLocation.framework/Versions/A/CoreLocation
0x000000000d9bf000 	/System/Library/PrivateFrameworks/ProtectedCloudStorage.framework/Versions/A/ProtectedCloudStorage
0x000000000d9bf000 	/System/Library/PrivateFrameworks/GeoServices.framework/Versions/A/GeoServices
0x000000011fcb7000 	/System/Library/Frameworks/CoreGraphics.framework/Versions/A/Resources/libCGCMS.A.dylib
0x0000000120a9a000 	/System/Library/Frameworks/CoreGraphics.framework/Versions/A/Resources/libRIP.A.dylib
0x0000000120d1d000 	/System/Library/Frameworks/CoreGraphics.framework/Versions/A/Resources/libCGXType.A.dylib
0x000000000d9bf000 	/System/Library/Frameworks/OpenCL.framework/Versions/A/Libraries/libcldcpuengine.dylib
0x000000000d9bf000 	/System/Library/PrivateFrameworks/DiskImages.framework/Versions/A/DiskImages
0x000000000d9bf000 	/System/Library/Frameworks/DiscRecording.framework/Versions/A/DiscRecording
0x000000000d9bf000 	/usr/lib/libcsfde.dylib
0x000000000d9bf000 	/usr/lib/libcurl.4.dylib
0x000000000d9bf000 	/System/Library/PrivateFrameworks/MediaKit.framework/Versions/A/MediaKit
0x000000000d9bf000 	/usr/lib/libCoreStorage.dylib
0x000000000d9bf000 	/System/Library/PrivateFrameworks/EFILogin.framework/Versions/A/EFILogin
0x000000000d9bf000 	/usr/lib/libutil.dylib
0x000000000d9bf000 	/System/Library/PrivateFrameworks/FindMyDevice.framework/Versions/A/FindMyDevice
0x000000000d9bf000 	/System/Library/Frameworks/LDAP.framework/Versions/A/LDAP
0x000000000d9bf000 	/usr/lib/libsasl2.2.dylib
0x000000000d9bf000 	/System/Library/PrivateFrameworks/CoreDaemon.framework/Versions/B/CoreDaemon
0x000000000d9bf000 	/usr/lib/libcrypto.0.9.8.dylib
0x000000000d9bf000 	/System/Library/PrivateFrameworks/AppleSRP.framework/Versions/A/AppleSRP
0x000000000d9bf000 	/System/Library/PrivateFrameworks/TrustEvaluationAgent.framework/Versions/A/TrustEvaluationAgent
0x000000012178b000 	cl_kernels
0x000000012178d000 	/System/Library/Frameworks/OpenCL.framework/Versions/A/Libraries/ImageFormats/unorm8_bgra.dylib
0x000000012177c000 	cl_kernels
0x000000000d9bf000 	/System/Library/PrivateFrameworks/FamilyControls.framework/Versions/A/FamilyControls
0x000000000d9bf000 	/System/Library/PrivateFrameworks/CommerceKit.framework/Versions/A/Frameworks/CommerceCore.framework/Versions/A/CommerceCore
0x000000000d9bf000 	/System/Library/PrivateFrameworks/SystemAdministration.framework/Versions/A/SystemAdministration
0x000000000d9bf000 	/System/Library/PrivateFrameworks/AppContainer.framework/Versions/A/AppContainer
0x000000000d9bf000 	/System/Library/PrivateFrameworks/SecCodeWrapper.framework/Versions/A/SecCodeWrapper
0x000000000d9bf000 	/System/Library/Frameworks/DirectoryService.framework/Versions/A/DirectoryService
0x000000000d9bf000 	/System/Library/PrivateFrameworks/LoginUIKit.framework/Versions/A/Frameworks/LoginUICore.framework/Versions/A/LoginUICore
0x000000000d9bf000 	/usr/lib/libodfde.dylib
0x0000000122c4b000 	/System/Library/Frameworks/OpenGL.framework/Resources/GLEngine.bundle/GLEngine
0x000000000d9bf000 	/System/Library/Frameworks/OpenGL.framework/Versions/A/Libraries/libGLProgrammability.dylib
0x0000000000000000 	/System/Library/Extensions/AppleIntelHD5000GraphicsGLDriver.bundle/Contents/MacOS/AppleIntelHD5000GraphicsGLDriver
0x000000000d9bf000 	/System/Library/PrivateFrameworks/IOAccelerator.framework/Versions/A/IOAccelerator
0x000000000d9bf000 	/System/Library/PrivateFrameworks/GPUSupport.framework/Versions/A/Libraries/libGPUSupportMercury.dylib
0x0000000122e36000 	/System/Library/Frameworks/OpenGL.framework/Resources//GLRendererFloat.bundle/GLRendererFloat
0x00000001240c6000 	/Library/Java/JavaVirtualMachines/jdk1.8.0_20.jdk/Contents/Home/jre/lib/libfontmanager.dylib
0x000000012412c000 	/Library/Java/JavaVirtualMachines/jdk1.8.0_20.jdk/Contents/Home/jre/lib/libosxui.dylib
0x00000001243c3000 	/Library/Java/JavaVirtualMachines/jdk1.8.0_20.jdk/Contents/Home/jre/lib/libprism_es2.dylib
0x00000001249fd000 	/Library/Java/JavaVirtualMachines/jdk1.8.0_20.jdk/Contents/Home/jre/lib/libglass.dylib
0x00000001264c9000 	/Library/Java/JavaVirtualMachines/jdk1.8.0_20.jdk/Contents/Home/jre/lib/libjavafx_font.dylib
0x0000000126d98000 	/Library/Java/JavaVirtualMachines/jdk1.8.0_20.jdk/Contents/Home/jre/lib/libprism_common.dylib
0x00000001289ff000 	/Library/Java/JavaVirtualMachines/jdk1.8.0_20.jdk/Contents/Home/jre/lib/libnet.dylib
0x0000000128a85000 	/Library/Java/JavaVirtualMachines/jdk1.8.0_20.jdk/Contents/Home/jre/lib/libnio.dylib

VM Arguments:
jvm_args: -Dfile.encoding=UTF-8 
java_command: ptp.projekt.DeepDungeons
java_class_path (initial): /Users/rw/Documents/workspace/PTP-Projekt/src/resources/avalon-framework-4.1.3.jar:/Users/rw/Documents/workspace/PTP-Projekt/src/resources/MacMetrics.jar:/Users/rw/Documents/workspace/PTP-Projekt/src/resources/miglayout-4.0-swing.jar:/Users/rw/Documents/workspace/PTP-Projekt/build/classes
Launcher Type: SUN_STANDARD

Environment Variables:
PATH=/usr/bin:/bin:/usr/sbin:/sbin
LD_LIBRARY_PATH=/Library/Java/JavaVirtualMachines/jdk1.8.0_20.jdk/Contents/Home/jre/lib/amd64:/Library/Java/JavaVirtualMachines/jdk1.8.0_20.jdk/Contents/Home/jre/lib/i386:
SHELL=/bin/bash
DISPLAY=/private/tmp/com.apple.launchd.Ywfp2uKK7x/org.macosforge.xquartz:0
DYLD_LIBRARY_PATH=/Applications/NetBeans/NetBeans 8.0.2.app/Contents/Resources/NetBeans/webcommon/bin:

Signal Handlers:
SIGSEGV: [libjvm.dylib+0x578fd7], sa_mask[0]=11111111011111110111111111111111, sa_flags=SA_ONSTACK|SA_RESTART|SA_SIGINFO
SIGBUS: [libjvm.dylib+0x578fd7], sa_mask[0]=11111111011111110111111111111111, sa_flags=SA_RESTART|SA_SIGINFO
SIGFPE: [libjvm.dylib+0x45ab0c], sa_mask[0]=11111111011111110111111111111111, sa_flags=SA_RESTART|SA_SIGINFO
SIGPIPE: [libjvm.dylib+0x45ab0c], sa_mask[0]=11111111011111110111111111111111, sa_flags=SA_RESTART|SA_SIGINFO
SIGXFSZ: [libjvm.dylib+0x45ab0c], sa_mask[0]=11111111011111110111111111111111, sa_flags=SA_RESTART|SA_SIGINFO
SIGILL: [libjvm.dylib+0x45ab0c], sa_mask[0]=11111111011111110111111111111111, sa_flags=SA_RESTART|SA_SIGINFO
SIGUSR1: SIG_DFL, sa_mask[0]=00000000000000000000000000000000, sa_flags=none
SIGUSR2: [libjvm.dylib+0x45a62a], sa_mask[0]=00100000000000000000000000000000, sa_flags=SA_RESTART|SA_SIGINFO
SIGHUP: [libjvm.dylib+0x458bfd], sa_mask[0]=11111111011111110111111111111111, sa_flags=SA_RESTART|SA_SIGINFO
SIGINT: SIG_IGN, sa_mask[0]=00000000000000000000000000000000, sa_flags=none
SIGTERM: [libjvm.dylib+0x458bfd], sa_mask[0]=11111111011111110111111111111111, sa_flags=SA_RESTART|SA_SIGINFO
SIGQUIT: [libjvm.dylib+0x458bfd], sa_mask[0]=11111111011111110111111111111111, sa_flags=SA_RESTART|SA_SIGINFO


---------------  S Y S T E M  ---------------

OS:Bsduname:Darwin 14.4.0 Darwin Kernel Version 14.4.0: Thu May 28 11:35:04 PDT 2015; root:xnu-2782.30.5~1/RELEASE_X86_64 x86_64
rlimit: STACK 8192k, CORE 0k, NPROC 709, NOFILE 10240, AS infinity
load average:1.47 1.99 2.29

CPU:total 4 (2 cores per cpu, 2 threads per core) family 6 model 69 stepping 1, cmov, cx8, fxsr, mmx, sse, sse2, sse3, ssse3, sse4.1, sse4.2, popcnt, avx, avx2, aes, clmul, erms, lzcnt, ht, tsc, tscinvbit, bmi1, bmi2

Memory: 4k page, physical 8388608k(22432k free)

/proc/meminfo:


vm_info: Java HotSpot(TM) 64-Bit Server VM (25.20-b23) for bsd-amd64 JRE (1.8.0_20-b26), built on Jul 30 2014 13:37:47 by "java_re" with gcc 4.2.1 (Based on Apple Inc. build 5658) (LLVM build 2336.9.00)

time: Mon Jul  6 18:09:43 2015
elapsed time: 16 seconds (0d 0h 0m 16s)

